[2026-03-13T17:55:35.831+0000] {manager.py:470} INFO - Processing files using up to 2 processes at a time 
[2026-03-13T17:55:35.836+0000] {manager.py:471} INFO - Process each file at most once every 30 seconds
[2026-03-13T17:55:35.842+0000] {manager.py:472} INFO - Checking for new files in /opt/airflow/dags every 300 seconds
[2026-03-13T17:55:35.850+0000] {manager.py:737} INFO - Searching for files in /opt/airflow/dags
[2026-03-13T17:55:35.865+0000] {manager.py:740} INFO - There are 0 files in /opt/airflow/dags
[2026-03-13T18:00:36.034+0000] {manager.py:737} INFO - Searching for files in /opt/airflow/dags
[2026-03-13T18:00:36.046+0000] {manager.py:740} INFO - There are 0 files in /opt/airflow/dags
[2026-03-13T18:05:01.791+0000] {manager.py:452} INFO - Exiting gracefully upon receiving signal 15
[2026-03-13T19:34:02.768+0000] {manager.py:470} INFO - Processing files using up to 2 processes at a time 
[2026-03-13T19:34:02.771+0000] {manager.py:471} INFO - Process each file at most once every 30 seconds
[2026-03-13T19:34:02.775+0000] {manager.py:472} INFO - Checking for new files in /opt/airflow/dags every 300 seconds
[2026-03-13T19:34:02.777+0000] {manager.py:737} INFO - Searching for files in /opt/airflow/dags
[2026-03-13T19:34:02.781+0000] {manager.py:740} INFO - There are 0 files in /opt/airflow/dags
[2026-03-13T22:56:20.991+0000] {manager.py:470} INFO - Processing files using up to 2 processes at a time 
[2026-03-13T22:56:20.994+0000] {manager.py:471} INFO - Process each file at most once every 30 seconds
[2026-03-13T22:56:21.006+0000] {manager.py:472} INFO - Checking for new files in /opt/airflow/dags every 300 seconds
[2026-03-13T22:56:21.035+0000] {manager.py:737} INFO - Searching for files in /opt/airflow/dags
[2026-03-13T22:56:21.063+0000] {manager.py:740} INFO - There are 0 files in /opt/airflow/dags
[2026-03-13T23:01:21.072+0000] {manager.py:737} INFO - Searching for files in /opt/airflow/dags
[2026-03-13T23:01:21.078+0000] {manager.py:740} INFO - There are 0 files in /opt/airflow/dags
[2026-03-13T23:06:21.827+0000] {manager.py:737} INFO - Searching for files in /opt/airflow/dags
[2026-03-13T23:06:21.833+0000] {manager.py:740} INFO - There are 0 files in /opt/airflow/dags
[2026-03-13T23:07:12.247+0000] {manager.py:452} INFO - Exiting gracefully upon receiving signal 15
[2026-03-13T23:09:59.527+0000] {manager.py:470} INFO - Processing files using up to 2 processes at a time 
[2026-03-13T23:09:59.530+0000] {manager.py:471} INFO - Process each file at most once every 30 seconds
[2026-03-13T23:09:59.533+0000] {manager.py:472} INFO - Checking for new files in /opt/airflow/dags every 300 seconds
[2026-03-13T23:09:59.539+0000] {manager.py:737} INFO - Searching for files in /opt/airflow/dags
[2026-03-13T23:09:59.550+0000] {manager.py:740} INFO - There are 0 files in /opt/airflow/dags
[2026-03-13T23:15:00.261+0000] {manager.py:737} INFO - Searching for files in /opt/airflow/dags
[2026-03-13T23:15:00.268+0000] {manager.py:740} INFO - There are 0 files in /opt/airflow/dags
