[2026-04-05T11:13:31.718+0000] {processor.py:161} INFO - Started process (PID=22) to work on /opt/airflow/dags/dag_dbt_hourly_staging.py
[2026-04-05T11:13:31.725+0000] {processor.py:830} INFO - Processing file /opt/airflow/dags/dag_dbt_hourly_staging.py for tasks to queue
[2026-04-05T11:13:31.740+0000] {logging_mixin.py:188} INFO - [2026-04-05T11:13:31.739+0000] {dagbag.py:545} INFO - Filling up the DagBag from /opt/airflow/dags/dag_dbt_hourly_staging.py
[2026-04-05T11:13:31.990+0000] {processor.py:840} INFO - DAG(s) 'dbt_hourly_staging' retrieved from /opt/airflow/dags/dag_dbt_hourly_staging.py
[2026-04-05T11:13:33.715+0000] {logging_mixin.py:188} INFO - [2026-04-05T11:13:33.714+0000] {override.py:1858} INFO - Created Permission View: can read on DAG:dbt_hourly_staging
[2026-04-05T11:13:33.801+0000] {logging_mixin.py:188} INFO - [2026-04-05T11:13:33.801+0000] {override.py:1858} INFO - Created Permission View: can delete on DAG:dbt_hourly_staging
[2026-04-05T11:13:33.834+0000] {logging_mixin.py:188} INFO - [2026-04-05T11:13:33.833+0000] {override.py:1858} INFO - Created Permission View: can edit on DAG:dbt_hourly_staging
[2026-04-05T11:13:33.837+0000] {logging_mixin.py:188} INFO - [2026-04-05T11:13:33.837+0000] {dag.py:3089} INFO - Sync 1 DAGs
[2026-04-05T11:13:33.887+0000] {logging_mixin.py:188} INFO - [2026-04-05T11:13:33.887+0000] {dag.py:3111} INFO - Creating ORM DAG for dbt_hourly_staging
[2026-04-05T11:13:33.944+0000] {logging_mixin.py:188} INFO - [2026-04-05T11:13:33.944+0000] {dag.py:3947} INFO - Setting next_dagrun for dbt_hourly_staging to 2026-04-05 10:05:00+00:00, run_after=2026-04-05 11:05:00+00:00
[2026-04-05T11:13:34.012+0000] {processor.py:183} INFO - Processing /opt/airflow/dags/dag_dbt_hourly_staging.py took 2.346 seconds
[2026-04-05T11:14:04.286+0000] {processor.py:161} INFO - Started process (PID=25) to work on /opt/airflow/dags/dag_dbt_hourly_staging.py
[2026-04-05T11:14:04.289+0000] {processor.py:830} INFO - Processing file /opt/airflow/dags/dag_dbt_hourly_staging.py for tasks to queue
[2026-04-05T11:14:04.295+0000] {logging_mixin.py:188} INFO - [2026-04-05T11:14:04.294+0000] {dagbag.py:545} INFO - Filling up the DagBag from /opt/airflow/dags/dag_dbt_hourly_staging.py
[2026-04-05T11:14:04.452+0000] {processor.py:840} INFO - DAG(s) 'dbt_hourly_staging' retrieved from /opt/airflow/dags/dag_dbt_hourly_staging.py
[2026-04-05T11:14:04.694+0000] {logging_mixin.py:188} INFO - [2026-04-05T11:14:04.693+0000] {dag.py:3089} INFO - Sync 1 DAGs
[2026-04-05T11:14:04.919+0000] {logging_mixin.py:188} INFO - [2026-04-05T11:14:04.915+0000] {dag.py:3947} INFO - Setting next_dagrun for dbt_hourly_staging to 2026-04-05 10:05:00+00:00, run_after=2026-04-05 11:05:00+00:00
[2026-04-05T11:14:05.041+0000] {processor.py:183} INFO - Processing /opt/airflow/dags/dag_dbt_hourly_staging.py took 0.781 seconds
[2026-04-05T11:14:35.841+0000] {processor.py:161} INFO - Started process (PID=28) to work on /opt/airflow/dags/dag_dbt_hourly_staging.py
[2026-04-05T11:14:35.874+0000] {processor.py:830} INFO - Processing file /opt/airflow/dags/dag_dbt_hourly_staging.py for tasks to queue
[2026-04-05T11:14:35.888+0000] {logging_mixin.py:188} INFO - [2026-04-05T11:14:35.887+0000] {dagbag.py:545} INFO - Filling up the DagBag from /opt/airflow/dags/dag_dbt_hourly_staging.py
[2026-04-05T11:14:36.012+0000] {processor.py:840} INFO - DAG(s) 'dbt_hourly_staging' retrieved from /opt/airflow/dags/dag_dbt_hourly_staging.py
[2026-04-05T11:14:36.244+0000] {logging_mixin.py:188} INFO - [2026-04-05T11:14:36.243+0000] {dag.py:3089} INFO - Sync 1 DAGs
[2026-04-05T11:14:36.447+0000] {logging_mixin.py:188} INFO - [2026-04-05T11:14:36.447+0000] {dag.py:3947} INFO - Setting next_dagrun for dbt_hourly_staging to 2026-04-05 10:05:00+00:00, run_after=2026-04-05 11:05:00+00:00
[2026-04-05T11:14:36.850+0000] {processor.py:183} INFO - Processing /opt/airflow/dags/dag_dbt_hourly_staging.py took 1.057 seconds
[2026-04-05T11:15:09.090+0000] {processor.py:161} INFO - Started process (PID=31) to work on /opt/airflow/dags/dag_dbt_hourly_staging.py
[2026-04-05T11:15:09.104+0000] {processor.py:830} INFO - Processing file /opt/airflow/dags/dag_dbt_hourly_staging.py for tasks to queue
[2026-04-05T11:15:09.205+0000] {logging_mixin.py:188} INFO - [2026-04-05T11:15:09.197+0000] {dagbag.py:545} INFO - Filling up the DagBag from /opt/airflow/dags/dag_dbt_hourly_staging.py
[2026-04-05T11:15:10.525+0000] {processor.py:840} INFO - DAG(s) 'dbt_hourly_staging' retrieved from /opt/airflow/dags/dag_dbt_hourly_staging.py
[2026-04-05T11:15:11.236+0000] {logging_mixin.py:188} INFO - [2026-04-05T11:15:11.235+0000] {dag.py:3089} INFO - Sync 1 DAGs
[2026-04-05T11:15:11.605+0000] {logging_mixin.py:188} INFO - [2026-04-05T11:15:11.604+0000] {dag.py:3947} INFO - Setting next_dagrun for dbt_hourly_staging to 2026-04-05 10:05:00+00:00, run_after=2026-04-05 11:05:00+00:00
[2026-04-05T11:15:12.047+0000] {processor.py:183} INFO - Processing /opt/airflow/dags/dag_dbt_hourly_staging.py took 3.227 seconds
[2026-04-05T11:15:42.552+0000] {processor.py:161} INFO - Started process (PID=34) to work on /opt/airflow/dags/dag_dbt_hourly_staging.py
[2026-04-05T11:15:42.560+0000] {processor.py:830} INFO - Processing file /opt/airflow/dags/dag_dbt_hourly_staging.py for tasks to queue
[2026-04-05T11:15:42.565+0000] {logging_mixin.py:188} INFO - [2026-04-05T11:15:42.563+0000] {dagbag.py:545} INFO - Filling up the DagBag from /opt/airflow/dags/dag_dbt_hourly_staging.py
[2026-04-05T11:15:42.648+0000] {processor.py:840} INFO - DAG(s) 'dbt_hourly_staging' retrieved from /opt/airflow/dags/dag_dbt_hourly_staging.py
[2026-04-05T11:15:42.912+0000] {logging_mixin.py:188} INFO - [2026-04-05T11:15:42.912+0000] {dag.py:3089} INFO - Sync 1 DAGs
[2026-04-05T11:15:43.035+0000] {logging_mixin.py:188} INFO - [2026-04-05T11:15:43.034+0000] {dag.py:3947} INFO - Setting next_dagrun for dbt_hourly_staging to 2026-04-05 10:05:00+00:00, run_after=2026-04-05 11:05:00+00:00
[2026-04-05T11:15:43.187+0000] {processor.py:183} INFO - Processing /opt/airflow/dags/dag_dbt_hourly_staging.py took 0.695 seconds
[2026-04-05T11:16:13.387+0000] {processor.py:161} INFO - Started process (PID=37) to work on /opt/airflow/dags/dag_dbt_hourly_staging.py
[2026-04-05T11:16:13.396+0000] {processor.py:830} INFO - Processing file /opt/airflow/dags/dag_dbt_hourly_staging.py for tasks to queue
[2026-04-05T11:16:13.403+0000] {logging_mixin.py:188} INFO - [2026-04-05T11:16:13.402+0000] {dagbag.py:545} INFO - Filling up the DagBag from /opt/airflow/dags/dag_dbt_hourly_staging.py
[2026-04-05T11:16:13.576+0000] {processor.py:840} INFO - DAG(s) 'dbt_hourly_staging' retrieved from /opt/airflow/dags/dag_dbt_hourly_staging.py
[2026-04-05T11:16:14.082+0000] {logging_mixin.py:188} INFO - [2026-04-05T11:16:14.075+0000] {dag.py:3089} INFO - Sync 1 DAGs
[2026-04-05T11:16:14.497+0000] {logging_mixin.py:188} INFO - [2026-04-05T11:16:14.490+0000] {dag.py:3947} INFO - Setting next_dagrun for dbt_hourly_staging to 2026-04-05 10:05:00+00:00, run_after=2026-04-05 11:05:00+00:00
[2026-04-05T11:16:14.721+0000] {processor.py:183} INFO - Processing /opt/airflow/dags/dag_dbt_hourly_staging.py took 1.376 seconds
[2026-04-05T11:16:45.769+0000] {processor.py:161} INFO - Started process (PID=40) to work on /opt/airflow/dags/dag_dbt_hourly_staging.py
[2026-04-05T11:16:45.779+0000] {processor.py:830} INFO - Processing file /opt/airflow/dags/dag_dbt_hourly_staging.py for tasks to queue
[2026-04-05T11:16:45.822+0000] {logging_mixin.py:188} INFO - [2026-04-05T11:16:45.822+0000] {dagbag.py:545} INFO - Filling up the DagBag from /opt/airflow/dags/dag_dbt_hourly_staging.py
[2026-04-05T11:16:45.892+0000] {processor.py:840} INFO - DAG(s) 'dbt_hourly_staging' retrieved from /opt/airflow/dags/dag_dbt_hourly_staging.py
[2026-04-05T11:16:46.064+0000] {logging_mixin.py:188} INFO - [2026-04-05T11:16:46.059+0000] {dag.py:3089} INFO - Sync 1 DAGs
[2026-04-05T11:16:46.525+0000] {logging_mixin.py:188} INFO - [2026-04-05T11:16:46.506+0000] {dag.py:3947} INFO - Setting next_dagrun for dbt_hourly_staging to 2026-04-05 10:05:00+00:00, run_after=2026-04-05 11:05:00+00:00
[2026-04-05T11:16:46.875+0000] {processor.py:183} INFO - Processing /opt/airflow/dags/dag_dbt_hourly_staging.py took 1.184 seconds
[2026-04-05T11:17:17.340+0000] {processor.py:161} INFO - Started process (PID=43) to work on /opt/airflow/dags/dag_dbt_hourly_staging.py
[2026-04-05T11:17:17.344+0000] {processor.py:830} INFO - Processing file /opt/airflow/dags/dag_dbt_hourly_staging.py for tasks to queue
[2026-04-05T11:17:17.372+0000] {logging_mixin.py:188} INFO - [2026-04-05T11:17:17.371+0000] {dagbag.py:545} INFO - Filling up the DagBag from /opt/airflow/dags/dag_dbt_hourly_staging.py
[2026-04-05T11:17:17.529+0000] {processor.py:840} INFO - DAG(s) 'dbt_hourly_staging' retrieved from /opt/airflow/dags/dag_dbt_hourly_staging.py
[2026-04-05T11:17:17.923+0000] {logging_mixin.py:188} INFO - [2026-04-05T11:17:17.923+0000] {dag.py:3089} INFO - Sync 1 DAGs
[2026-04-05T11:17:18.360+0000] {logging_mixin.py:188} INFO - [2026-04-05T11:17:18.360+0000] {dag.py:3947} INFO - Setting next_dagrun for dbt_hourly_staging to 2026-04-05 10:05:00+00:00, run_after=2026-04-05 11:05:00+00:00
[2026-04-05T11:17:18.560+0000] {processor.py:183} INFO - Processing /opt/airflow/dags/dag_dbt_hourly_staging.py took 1.362 seconds
[2026-04-05T11:17:49.429+0000] {processor.py:161} INFO - Started process (PID=46) to work on /opt/airflow/dags/dag_dbt_hourly_staging.py
[2026-04-05T11:17:49.439+0000] {processor.py:830} INFO - Processing file /opt/airflow/dags/dag_dbt_hourly_staging.py for tasks to queue
[2026-04-05T11:17:49.454+0000] {logging_mixin.py:188} INFO - [2026-04-05T11:17:49.454+0000] {dagbag.py:545} INFO - Filling up the DagBag from /opt/airflow/dags/dag_dbt_hourly_staging.py
[2026-04-05T11:17:49.518+0000] {processor.py:840} INFO - DAG(s) 'dbt_hourly_staging' retrieved from /opt/airflow/dags/dag_dbt_hourly_staging.py
[2026-04-05T11:17:49.601+0000] {logging_mixin.py:188} INFO - [2026-04-05T11:17:49.600+0000] {dag.py:3089} INFO - Sync 1 DAGs
[2026-04-05T11:17:49.703+0000] {logging_mixin.py:188} INFO - [2026-04-05T11:17:49.703+0000] {dag.py:3947} INFO - Setting next_dagrun for dbt_hourly_staging to 2026-04-05 10:05:00+00:00, run_after=2026-04-05 11:05:00+00:00
[2026-04-05T11:17:49.798+0000] {processor.py:183} INFO - Processing /opt/airflow/dags/dag_dbt_hourly_staging.py took 0.563 seconds
[2026-04-05T11:18:20.567+0000] {processor.py:161} INFO - Started process (PID=49) to work on /opt/airflow/dags/dag_dbt_hourly_staging.py
[2026-04-05T11:18:20.569+0000] {processor.py:830} INFO - Processing file /opt/airflow/dags/dag_dbt_hourly_staging.py for tasks to queue
[2026-04-05T11:18:20.578+0000] {logging_mixin.py:188} INFO - [2026-04-05T11:18:20.577+0000] {dagbag.py:545} INFO - Filling up the DagBag from /opt/airflow/dags/dag_dbt_hourly_staging.py
[2026-04-05T11:18:20.626+0000] {processor.py:840} INFO - DAG(s) 'dbt_hourly_staging' retrieved from /opt/airflow/dags/dag_dbt_hourly_staging.py
[2026-04-05T11:18:20.720+0000] {logging_mixin.py:188} INFO - [2026-04-05T11:18:20.720+0000] {dag.py:3089} INFO - Sync 1 DAGs
[2026-04-05T11:18:20.790+0000] {logging_mixin.py:188} INFO - [2026-04-05T11:18:20.789+0000] {dag.py:3947} INFO - Setting next_dagrun for dbt_hourly_staging to 2026-04-05 10:05:00+00:00, run_after=2026-04-05 11:05:00+00:00
[2026-04-05T11:18:20.844+0000] {processor.py:183} INFO - Processing /opt/airflow/dags/dag_dbt_hourly_staging.py took 0.294 seconds
[2026-04-05T11:18:51.264+0000] {processor.py:161} INFO - Started process (PID=52) to work on /opt/airflow/dags/dag_dbt_hourly_staging.py
[2026-04-05T11:18:51.270+0000] {processor.py:830} INFO - Processing file /opt/airflow/dags/dag_dbt_hourly_staging.py for tasks to queue
[2026-04-05T11:18:51.277+0000] {logging_mixin.py:188} INFO - [2026-04-05T11:18:51.276+0000] {dagbag.py:545} INFO - Filling up the DagBag from /opt/airflow/dags/dag_dbt_hourly_staging.py
[2026-04-05T11:18:51.349+0000] {processor.py:840} INFO - DAG(s) 'dbt_hourly_staging' retrieved from /opt/airflow/dags/dag_dbt_hourly_staging.py
[2026-04-05T11:18:51.497+0000] {logging_mixin.py:188} INFO - [2026-04-05T11:18:51.497+0000] {dag.py:3089} INFO - Sync 1 DAGs
[2026-04-05T11:18:51.627+0000] {logging_mixin.py:188} INFO - [2026-04-05T11:18:51.626+0000] {dag.py:3947} INFO - Setting next_dagrun for dbt_hourly_staging to 2026-04-05 10:05:00+00:00, run_after=2026-04-05 11:05:00+00:00
[2026-04-05T11:18:51.720+0000] {processor.py:183} INFO - Processing /opt/airflow/dags/dag_dbt_hourly_staging.py took 0.532 seconds
[2026-04-05T11:19:22.999+0000] {processor.py:161} INFO - Started process (PID=55) to work on /opt/airflow/dags/dag_dbt_hourly_staging.py
[2026-04-05T11:19:23.011+0000] {processor.py:830} INFO - Processing file /opt/airflow/dags/dag_dbt_hourly_staging.py for tasks to queue
[2026-04-05T11:19:23.021+0000] {logging_mixin.py:188} INFO - [2026-04-05T11:19:23.020+0000] {dagbag.py:545} INFO - Filling up the DagBag from /opt/airflow/dags/dag_dbt_hourly_staging.py
[2026-04-05T11:19:23.153+0000] {processor.py:840} INFO - DAG(s) 'dbt_hourly_staging' retrieved from /opt/airflow/dags/dag_dbt_hourly_staging.py
[2026-04-05T11:19:23.447+0000] {logging_mixin.py:188} INFO - [2026-04-05T11:19:23.446+0000] {dag.py:3089} INFO - Sync 1 DAGs
[2026-04-05T11:19:23.690+0000] {logging_mixin.py:188} INFO - [2026-04-05T11:19:23.688+0000] {dag.py:3947} INFO - Setting next_dagrun for dbt_hourly_staging to 2026-04-05 10:05:00+00:00, run_after=2026-04-05 11:05:00+00:00
[2026-04-05T11:19:23.823+0000] {processor.py:183} INFO - Processing /opt/airflow/dags/dag_dbt_hourly_staging.py took 0.844 seconds
[2026-04-05T11:19:54.448+0000] {processor.py:161} INFO - Started process (PID=58) to work on /opt/airflow/dags/dag_dbt_hourly_staging.py
[2026-04-05T11:19:54.451+0000] {processor.py:830} INFO - Processing file /opt/airflow/dags/dag_dbt_hourly_staging.py for tasks to queue
[2026-04-05T11:19:54.467+0000] {logging_mixin.py:188} INFO - [2026-04-05T11:19:54.464+0000] {dagbag.py:545} INFO - Filling up the DagBag from /opt/airflow/dags/dag_dbt_hourly_staging.py
[2026-04-05T11:19:54.826+0000] {processor.py:840} INFO - DAG(s) 'dbt_hourly_staging' retrieved from /opt/airflow/dags/dag_dbt_hourly_staging.py
[2026-04-05T11:19:54.914+0000] {logging_mixin.py:188} INFO - [2026-04-05T11:19:54.913+0000] {dag.py:3089} INFO - Sync 1 DAGs
[2026-04-05T11:19:55.572+0000] {logging_mixin.py:188} INFO - [2026-04-05T11:19:55.571+0000] {dag.py:3947} INFO - Setting next_dagrun for dbt_hourly_staging to 2026-04-05 10:05:00+00:00, run_after=2026-04-05 11:05:00+00:00
[2026-04-05T11:19:55.945+0000] {processor.py:183} INFO - Processing /opt/airflow/dags/dag_dbt_hourly_staging.py took 1.524 seconds
[2026-04-05T11:20:26.530+0000] {processor.py:161} INFO - Started process (PID=61) to work on /opt/airflow/dags/dag_dbt_hourly_staging.py
[2026-04-05T11:20:26.534+0000] {processor.py:830} INFO - Processing file /opt/airflow/dags/dag_dbt_hourly_staging.py for tasks to queue
[2026-04-05T11:20:26.541+0000] {logging_mixin.py:188} INFO - [2026-04-05T11:20:26.540+0000] {dagbag.py:545} INFO - Filling up the DagBag from /opt/airflow/dags/dag_dbt_hourly_staging.py
[2026-04-05T11:20:26.798+0000] {processor.py:840} INFO - DAG(s) 'dbt_hourly_staging' retrieved from /opt/airflow/dags/dag_dbt_hourly_staging.py
[2026-04-05T11:20:26.974+0000] {logging_mixin.py:188} INFO - [2026-04-05T11:20:26.974+0000] {dag.py:3089} INFO - Sync 1 DAGs
[2026-04-05T11:20:27.274+0000] {logging_mixin.py:188} INFO - [2026-04-05T11:20:27.274+0000] {dag.py:3947} INFO - Setting next_dagrun for dbt_hourly_staging to 2026-04-05 10:05:00+00:00, run_after=2026-04-05 11:05:00+00:00
[2026-04-05T11:20:27.443+0000] {processor.py:183} INFO - Processing /opt/airflow/dags/dag_dbt_hourly_staging.py took 0.971 seconds
[2026-04-05T11:20:57.914+0000] {processor.py:161} INFO - Started process (PID=64) to work on /opt/airflow/dags/dag_dbt_hourly_staging.py
[2026-04-05T11:20:57.916+0000] {processor.py:830} INFO - Processing file /opt/airflow/dags/dag_dbt_hourly_staging.py for tasks to queue
[2026-04-05T11:20:57.926+0000] {logging_mixin.py:188} INFO - [2026-04-05T11:20:57.922+0000] {dagbag.py:545} INFO - Filling up the DagBag from /opt/airflow/dags/dag_dbt_hourly_staging.py
[2026-04-05T11:20:58.034+0000] {processor.py:840} INFO - DAG(s) 'dbt_hourly_staging' retrieved from /opt/airflow/dags/dag_dbt_hourly_staging.py
[2026-04-05T11:20:58.284+0000] {logging_mixin.py:188} INFO - [2026-04-05T11:20:58.283+0000] {dag.py:3089} INFO - Sync 1 DAGs
[2026-04-05T11:20:58.373+0000] {logging_mixin.py:188} INFO - [2026-04-05T11:20:58.372+0000] {dag.py:3947} INFO - Setting next_dagrun for dbt_hourly_staging to 2026-04-05 10:05:00+00:00, run_after=2026-04-05 11:05:00+00:00
[2026-04-05T11:20:58.532+0000] {processor.py:183} INFO - Processing /opt/airflow/dags/dag_dbt_hourly_staging.py took 0.632 seconds
[2026-04-05T11:21:28.936+0000] {processor.py:161} INFO - Started process (PID=67) to work on /opt/airflow/dags/dag_dbt_hourly_staging.py
[2026-04-05T11:21:28.941+0000] {processor.py:830} INFO - Processing file /opt/airflow/dags/dag_dbt_hourly_staging.py for tasks to queue
[2026-04-05T11:21:28.948+0000] {logging_mixin.py:188} INFO - [2026-04-05T11:21:28.947+0000] {dagbag.py:545} INFO - Filling up the DagBag from /opt/airflow/dags/dag_dbt_hourly_staging.py
[2026-04-05T11:21:29.028+0000] {processor.py:840} INFO - DAG(s) 'dbt_hourly_staging' retrieved from /opt/airflow/dags/dag_dbt_hourly_staging.py
[2026-04-05T11:21:29.137+0000] {logging_mixin.py:188} INFO - [2026-04-05T11:21:29.137+0000] {dag.py:3089} INFO - Sync 1 DAGs
[2026-04-05T11:21:29.406+0000] {logging_mixin.py:188} INFO - [2026-04-05T11:21:29.406+0000] {dag.py:3947} INFO - Setting next_dagrun for dbt_hourly_staging to 2026-04-05 10:05:00+00:00, run_after=2026-04-05 11:05:00+00:00
[2026-04-05T11:21:29.523+0000] {processor.py:183} INFO - Processing /opt/airflow/dags/dag_dbt_hourly_staging.py took 0.615 seconds
[2026-04-05T11:21:59.978+0000] {processor.py:161} INFO - Started process (PID=70) to work on /opt/airflow/dags/dag_dbt_hourly_staging.py
[2026-04-05T11:21:59.988+0000] {processor.py:830} INFO - Processing file /opt/airflow/dags/dag_dbt_hourly_staging.py for tasks to queue
[2026-04-05T11:21:59.991+0000] {logging_mixin.py:188} INFO - [2026-04-05T11:21:59.991+0000] {dagbag.py:545} INFO - Filling up the DagBag from /opt/airflow/dags/dag_dbt_hourly_staging.py
[2026-04-05T11:22:00.070+0000] {processor.py:840} INFO - DAG(s) 'dbt_hourly_staging' retrieved from /opt/airflow/dags/dag_dbt_hourly_staging.py
[2026-04-05T11:22:00.163+0000] {logging_mixin.py:188} INFO - [2026-04-05T11:22:00.155+0000] {dag.py:3089} INFO - Sync 1 DAGs
[2026-04-05T11:22:00.258+0000] {logging_mixin.py:188} INFO - [2026-04-05T11:22:00.258+0000] {dag.py:3947} INFO - Setting next_dagrun for dbt_hourly_staging to 2026-04-05 10:05:00+00:00, run_after=2026-04-05 11:05:00+00:00
[2026-04-05T11:22:00.298+0000] {processor.py:183} INFO - Processing /opt/airflow/dags/dag_dbt_hourly_staging.py took 0.338 seconds
[2026-04-05T11:22:30.678+0000] {processor.py:161} INFO - Started process (PID=73) to work on /opt/airflow/dags/dag_dbt_hourly_staging.py
[2026-04-05T11:22:30.682+0000] {processor.py:830} INFO - Processing file /opt/airflow/dags/dag_dbt_hourly_staging.py for tasks to queue
[2026-04-05T11:22:30.686+0000] {logging_mixin.py:188} INFO - [2026-04-05T11:22:30.685+0000] {dagbag.py:545} INFO - Filling up the DagBag from /opt/airflow/dags/dag_dbt_hourly_staging.py
[2026-04-05T11:22:30.735+0000] {processor.py:840} INFO - DAG(s) 'dbt_hourly_staging' retrieved from /opt/airflow/dags/dag_dbt_hourly_staging.py
[2026-04-05T11:22:30.829+0000] {logging_mixin.py:188} INFO - [2026-04-05T11:22:30.829+0000] {dag.py:3089} INFO - Sync 1 DAGs
[2026-04-05T11:22:30.898+0000] {logging_mixin.py:188} INFO - [2026-04-05T11:22:30.898+0000] {dag.py:3947} INFO - Setting next_dagrun for dbt_hourly_staging to 2026-04-05 10:05:00+00:00, run_after=2026-04-05 11:05:00+00:00
[2026-04-05T11:22:30.955+0000] {processor.py:183} INFO - Processing /opt/airflow/dags/dag_dbt_hourly_staging.py took 0.299 seconds
[2026-04-05T11:23:01.455+0000] {processor.py:161} INFO - Started process (PID=76) to work on /opt/airflow/dags/dag_dbt_hourly_staging.py
[2026-04-05T11:23:01.461+0000] {processor.py:830} INFO - Processing file /opt/airflow/dags/dag_dbt_hourly_staging.py for tasks to queue
[2026-04-05T11:23:01.475+0000] {logging_mixin.py:188} INFO - [2026-04-05T11:23:01.474+0000] {dagbag.py:545} INFO - Filling up the DagBag from /opt/airflow/dags/dag_dbt_hourly_staging.py
[2026-04-05T11:23:01.593+0000] {processor.py:840} INFO - DAG(s) 'dbt_hourly_staging' retrieved from /opt/airflow/dags/dag_dbt_hourly_staging.py
[2026-04-05T11:23:01.797+0000] {logging_mixin.py:188} INFO - [2026-04-05T11:23:01.796+0000] {dag.py:3089} INFO - Sync 1 DAGs
[2026-04-05T11:23:02.116+0000] {logging_mixin.py:188} INFO - [2026-04-05T11:23:02.115+0000] {dag.py:3947} INFO - Setting next_dagrun for dbt_hourly_staging to 2026-04-05 10:05:00+00:00, run_after=2026-04-05 11:05:00+00:00
[2026-04-05T11:23:02.258+0000] {processor.py:183} INFO - Processing /opt/airflow/dags/dag_dbt_hourly_staging.py took 0.822 seconds
[2026-04-05T11:23:32.430+0000] {processor.py:161} INFO - Started process (PID=79) to work on /opt/airflow/dags/dag_dbt_hourly_staging.py
[2026-04-05T11:23:32.434+0000] {processor.py:830} INFO - Processing file /opt/airflow/dags/dag_dbt_hourly_staging.py for tasks to queue
[2026-04-05T11:23:32.438+0000] {logging_mixin.py:188} INFO - [2026-04-05T11:23:32.437+0000] {dagbag.py:545} INFO - Filling up the DagBag from /opt/airflow/dags/dag_dbt_hourly_staging.py
[2026-04-05T11:23:32.491+0000] {processor.py:840} INFO - DAG(s) 'dbt_hourly_staging' retrieved from /opt/airflow/dags/dag_dbt_hourly_staging.py
[2026-04-05T11:23:32.581+0000] {logging_mixin.py:188} INFO - [2026-04-05T11:23:32.581+0000] {dag.py:3089} INFO - Sync 1 DAGs
[2026-04-05T11:23:32.655+0000] {logging_mixin.py:188} INFO - [2026-04-05T11:23:32.655+0000] {dag.py:3947} INFO - Setting next_dagrun for dbt_hourly_staging to 2026-04-05 10:05:00+00:00, run_after=2026-04-05 11:05:00+00:00
[2026-04-05T11:23:32.720+0000] {processor.py:183} INFO - Processing /opt/airflow/dags/dag_dbt_hourly_staging.py took 0.309 seconds
[2026-04-05T11:24:03.248+0000] {processor.py:161} INFO - Started process (PID=82) to work on /opt/airflow/dags/dag_dbt_hourly_staging.py
[2026-04-05T11:24:03.260+0000] {processor.py:830} INFO - Processing file /opt/airflow/dags/dag_dbt_hourly_staging.py for tasks to queue
[2026-04-05T11:24:03.270+0000] {logging_mixin.py:188} INFO - [2026-04-05T11:24:03.265+0000] {dagbag.py:545} INFO - Filling up the DagBag from /opt/airflow/dags/dag_dbt_hourly_staging.py
[2026-04-05T11:24:03.322+0000] {processor.py:840} INFO - DAG(s) 'dbt_hourly_staging' retrieved from /opt/airflow/dags/dag_dbt_hourly_staging.py
[2026-04-05T11:24:03.483+0000] {logging_mixin.py:188} INFO - [2026-04-05T11:24:03.481+0000] {dag.py:3089} INFO - Sync 1 DAGs
[2026-04-05T11:24:03.558+0000] {logging_mixin.py:188} INFO - [2026-04-05T11:24:03.552+0000] {dag.py:3947} INFO - Setting next_dagrun for dbt_hourly_staging to 2026-04-05 10:05:00+00:00, run_after=2026-04-05 11:05:00+00:00
[2026-04-05T11:24:03.620+0000] {processor.py:183} INFO - Processing /opt/airflow/dags/dag_dbt_hourly_staging.py took 0.398 seconds
[2026-04-05T11:24:34.298+0000] {processor.py:161} INFO - Started process (PID=85) to work on /opt/airflow/dags/dag_dbt_hourly_staging.py
[2026-04-05T11:24:34.323+0000] {processor.py:830} INFO - Processing file /opt/airflow/dags/dag_dbt_hourly_staging.py for tasks to queue
[2026-04-05T11:24:34.357+0000] {logging_mixin.py:188} INFO - [2026-04-05T11:24:34.356+0000] {dagbag.py:545} INFO - Filling up the DagBag from /opt/airflow/dags/dag_dbt_hourly_staging.py
[2026-04-05T11:24:34.736+0000] {processor.py:840} INFO - DAG(s) 'dbt_hourly_staging' retrieved from /opt/airflow/dags/dag_dbt_hourly_staging.py
[2026-04-05T11:24:34.955+0000] {logging_mixin.py:188} INFO - [2026-04-05T11:24:34.954+0000] {dag.py:3089} INFO - Sync 1 DAGs
[2026-04-05T11:24:35.057+0000] {logging_mixin.py:188} INFO - [2026-04-05T11:24:35.056+0000] {dag.py:3947} INFO - Setting next_dagrun for dbt_hourly_staging to 2026-04-05 10:05:00+00:00, run_after=2026-04-05 11:05:00+00:00
[2026-04-05T11:24:35.127+0000] {processor.py:183} INFO - Processing /opt/airflow/dags/dag_dbt_hourly_staging.py took 0.851 seconds
[2026-04-05T11:25:05.431+0000] {processor.py:161} INFO - Started process (PID=88) to work on /opt/airflow/dags/dag_dbt_hourly_staging.py
[2026-04-05T11:25:05.433+0000] {processor.py:830} INFO - Processing file /opt/airflow/dags/dag_dbt_hourly_staging.py for tasks to queue
[2026-04-05T11:25:05.437+0000] {logging_mixin.py:188} INFO - [2026-04-05T11:25:05.436+0000] {dagbag.py:545} INFO - Filling up the DagBag from /opt/airflow/dags/dag_dbt_hourly_staging.py
[2026-04-05T11:25:05.480+0000] {processor.py:840} INFO - DAG(s) 'dbt_hourly_staging' retrieved from /opt/airflow/dags/dag_dbt_hourly_staging.py
[2026-04-05T11:25:05.538+0000] {logging_mixin.py:188} INFO - [2026-04-05T11:25:05.537+0000] {dag.py:3089} INFO - Sync 1 DAGs
[2026-04-05T11:25:05.591+0000] {logging_mixin.py:188} INFO - [2026-04-05T11:25:05.590+0000] {dag.py:3947} INFO - Setting next_dagrun for dbt_hourly_staging to 2026-04-05 10:05:00+00:00, run_after=2026-04-05 11:05:00+00:00
[2026-04-05T11:25:05.691+0000] {processor.py:183} INFO - Processing /opt/airflow/dags/dag_dbt_hourly_staging.py took 0.284 seconds
[2026-04-05T11:25:36.415+0000] {processor.py:161} INFO - Started process (PID=91) to work on /opt/airflow/dags/dag_dbt_hourly_staging.py
[2026-04-05T11:25:36.418+0000] {processor.py:830} INFO - Processing file /opt/airflow/dags/dag_dbt_hourly_staging.py for tasks to queue
[2026-04-05T11:25:36.436+0000] {logging_mixin.py:188} INFO - [2026-04-05T11:25:36.435+0000] {dagbag.py:545} INFO - Filling up the DagBag from /opt/airflow/dags/dag_dbt_hourly_staging.py
[2026-04-05T11:25:36.591+0000] {processor.py:840} INFO - DAG(s) 'dbt_hourly_staging' retrieved from /opt/airflow/dags/dag_dbt_hourly_staging.py
[2026-04-05T11:25:36.792+0000] {logging_mixin.py:188} INFO - [2026-04-05T11:25:36.792+0000] {dag.py:3089} INFO - Sync 1 DAGs
[2026-04-05T11:25:36.942+0000] {logging_mixin.py:188} INFO - [2026-04-05T11:25:36.942+0000] {dag.py:3947} INFO - Setting next_dagrun for dbt_hourly_staging to 2026-04-05 10:05:00+00:00, run_after=2026-04-05 11:05:00+00:00
[2026-04-05T11:25:37.077+0000] {processor.py:183} INFO - Processing /opt/airflow/dags/dag_dbt_hourly_staging.py took 0.684 seconds
[2026-04-05T11:26:07.515+0000] {processor.py:161} INFO - Started process (PID=94) to work on /opt/airflow/dags/dag_dbt_hourly_staging.py
[2026-04-05T11:26:07.517+0000] {processor.py:830} INFO - Processing file /opt/airflow/dags/dag_dbt_hourly_staging.py for tasks to queue
[2026-04-05T11:26:07.526+0000] {logging_mixin.py:188} INFO - [2026-04-05T11:26:07.524+0000] {dagbag.py:545} INFO - Filling up the DagBag from /opt/airflow/dags/dag_dbt_hourly_staging.py
[2026-04-05T11:26:07.595+0000] {processor.py:840} INFO - DAG(s) 'dbt_hourly_staging' retrieved from /opt/airflow/dags/dag_dbt_hourly_staging.py
[2026-04-05T11:26:07.689+0000] {logging_mixin.py:188} INFO - [2026-04-05T11:26:07.688+0000] {dag.py:3089} INFO - Sync 1 DAGs
[2026-04-05T11:26:07.778+0000] {logging_mixin.py:188} INFO - [2026-04-05T11:26:07.777+0000] {dag.py:3947} INFO - Setting next_dagrun for dbt_hourly_staging to 2026-04-05 10:05:00+00:00, run_after=2026-04-05 11:05:00+00:00
[2026-04-05T11:26:07.835+0000] {processor.py:183} INFO - Processing /opt/airflow/dags/dag_dbt_hourly_staging.py took 0.336 seconds
[2026-04-05T11:26:38.081+0000] {processor.py:161} INFO - Started process (PID=97) to work on /opt/airflow/dags/dag_dbt_hourly_staging.py
[2026-04-05T11:26:38.092+0000] {processor.py:830} INFO - Processing file /opt/airflow/dags/dag_dbt_hourly_staging.py for tasks to queue
[2026-04-05T11:26:38.101+0000] {logging_mixin.py:188} INFO - [2026-04-05T11:26:38.100+0000] {dagbag.py:545} INFO - Filling up the DagBag from /opt/airflow/dags/dag_dbt_hourly_staging.py
[2026-04-05T11:26:38.194+0000] {processor.py:840} INFO - DAG(s) 'dbt_hourly_staging' retrieved from /opt/airflow/dags/dag_dbt_hourly_staging.py
[2026-04-05T11:26:38.281+0000] {logging_mixin.py:188} INFO - [2026-04-05T11:26:38.280+0000] {dag.py:3089} INFO - Sync 1 DAGs
[2026-04-05T11:26:38.363+0000] {logging_mixin.py:188} INFO - [2026-04-05T11:26:38.362+0000] {dag.py:3947} INFO - Setting next_dagrun for dbt_hourly_staging to 2026-04-05 10:05:00+00:00, run_after=2026-04-05 11:05:00+00:00
[2026-04-05T11:26:38.470+0000] {processor.py:183} INFO - Processing /opt/airflow/dags/dag_dbt_hourly_staging.py took 0.408 seconds
[2026-04-05T11:30:12.806+0000] {processor.py:161} INFO - Started process (PID=23) to work on /opt/airflow/dags/dag_dbt_hourly_staging.py
[2026-04-05T11:30:12.813+0000] {processor.py:830} INFO - Processing file /opt/airflow/dags/dag_dbt_hourly_staging.py for tasks to queue
[2026-04-05T11:30:12.841+0000] {logging_mixin.py:188} INFO - [2026-04-05T11:30:12.840+0000] {dagbag.py:545} INFO - Filling up the DagBag from /opt/airflow/dags/dag_dbt_hourly_staging.py
[2026-04-05T11:30:13.059+0000] {processor.py:840} INFO - DAG(s) 'dbt_hourly_staging' retrieved from /opt/airflow/dags/dag_dbt_hourly_staging.py
[2026-04-05T11:30:13.587+0000] {logging_mixin.py:188} INFO - [2026-04-05T11:30:13.587+0000] {dag.py:3089} INFO - Sync 1 DAGs
[2026-04-05T11:30:13.685+0000] {logging_mixin.py:188} INFO - [2026-04-05T11:30:13.684+0000] {dag.py:3947} INFO - Setting next_dagrun for dbt_hourly_staging to 2026-04-05 10:05:00+00:00, run_after=2026-04-05 11:05:00+00:00
[2026-04-05T11:30:13.780+0000] {processor.py:183} INFO - Processing /opt/airflow/dags/dag_dbt_hourly_staging.py took 1.052 seconds
[2026-04-05T11:30:44.670+0000] {processor.py:161} INFO - Started process (PID=27) to work on /opt/airflow/dags/dag_dbt_hourly_staging.py
[2026-04-05T11:30:44.683+0000] {processor.py:830} INFO - Processing file /opt/airflow/dags/dag_dbt_hourly_staging.py for tasks to queue
[2026-04-05T11:30:44.695+0000] {logging_mixin.py:188} INFO - [2026-04-05T11:30:44.694+0000] {dagbag.py:545} INFO - Filling up the DagBag from /opt/airflow/dags/dag_dbt_hourly_staging.py
[2026-04-05T11:30:44.884+0000] {processor.py:840} INFO - DAG(s) 'dbt_hourly_staging' retrieved from /opt/airflow/dags/dag_dbt_hourly_staging.py
[2026-04-05T11:30:45.089+0000] {logging_mixin.py:188} INFO - [2026-04-05T11:30:45.088+0000] {dag.py:3089} INFO - Sync 1 DAGs
[2026-04-05T11:30:45.208+0000] {logging_mixin.py:188} INFO - [2026-04-05T11:30:45.207+0000] {dag.py:3947} INFO - Setting next_dagrun for dbt_hourly_staging to 2026-04-05 10:05:00+00:00, run_after=2026-04-05 11:05:00+00:00
[2026-04-05T11:30:45.299+0000] {processor.py:183} INFO - Processing /opt/airflow/dags/dag_dbt_hourly_staging.py took 0.688 seconds
[2026-04-05T11:31:17.172+0000] {processor.py:161} INFO - Started process (PID=31) to work on /opt/airflow/dags/dag_dbt_hourly_staging.py
[2026-04-05T11:31:17.175+0000] {processor.py:830} INFO - Processing file /opt/airflow/dags/dag_dbt_hourly_staging.py for tasks to queue
[2026-04-05T11:31:17.206+0000] {logging_mixin.py:188} INFO - [2026-04-05T11:31:17.204+0000] {dagbag.py:545} INFO - Filling up the DagBag from /opt/airflow/dags/dag_dbt_hourly_staging.py
[2026-04-05T11:31:17.628+0000] {processor.py:840} INFO - DAG(s) 'dbt_hourly_staging' retrieved from /opt/airflow/dags/dag_dbt_hourly_staging.py
[2026-04-05T11:31:18.036+0000] {logging_mixin.py:188} INFO - [2026-04-05T11:31:18.034+0000] {dag.py:3089} INFO - Sync 1 DAGs
[2026-04-05T11:31:18.523+0000] {logging_mixin.py:188} INFO - [2026-04-05T11:31:18.522+0000] {dag.py:3947} INFO - Setting next_dagrun for dbt_hourly_staging to 2026-04-05 10:05:00+00:00, run_after=2026-04-05 11:05:00+00:00
[2026-04-05T11:31:18.833+0000] {processor.py:183} INFO - Processing /opt/airflow/dags/dag_dbt_hourly_staging.py took 1.787 seconds
[2026-04-05T11:31:50.663+0000] {processor.py:161} INFO - Started process (PID=35) to work on /opt/airflow/dags/dag_dbt_hourly_staging.py
[2026-04-05T11:31:50.744+0000] {processor.py:830} INFO - Processing file /opt/airflow/dags/dag_dbt_hourly_staging.py for tasks to queue
[2026-04-05T11:31:50.824+0000] {logging_mixin.py:188} INFO - [2026-04-05T11:31:50.820+0000] {dagbag.py:545} INFO - Filling up the DagBag from /opt/airflow/dags/dag_dbt_hourly_staging.py
[2026-04-05T11:31:51.017+0000] {processor.py:840} INFO - DAG(s) 'dbt_hourly_staging' retrieved from /opt/airflow/dags/dag_dbt_hourly_staging.py
[2026-04-05T11:31:51.640+0000] {logging_mixin.py:188} INFO - [2026-04-05T11:31:51.623+0000] {dag.py:3089} INFO - Sync 1 DAGs
[2026-04-05T11:31:52.304+0000] {logging_mixin.py:188} INFO - [2026-04-05T11:31:52.303+0000] {dag.py:3947} INFO - Setting next_dagrun for dbt_hourly_staging to 2026-04-05 10:05:00+00:00, run_after=2026-04-05 11:05:00+00:00
[2026-04-05T11:31:52.465+0000] {processor.py:183} INFO - Processing /opt/airflow/dags/dag_dbt_hourly_staging.py took 2.061 seconds
[2026-04-05T11:32:23.272+0000] {processor.py:161} INFO - Started process (PID=39) to work on /opt/airflow/dags/dag_dbt_hourly_staging.py
[2026-04-05T11:32:23.282+0000] {processor.py:830} INFO - Processing file /opt/airflow/dags/dag_dbt_hourly_staging.py for tasks to queue
[2026-04-05T11:32:23.292+0000] {logging_mixin.py:188} INFO - [2026-04-05T11:32:23.289+0000] {dagbag.py:545} INFO - Filling up the DagBag from /opt/airflow/dags/dag_dbt_hourly_staging.py
[2026-04-05T11:32:23.427+0000] {processor.py:840} INFO - DAG(s) 'dbt_hourly_staging' retrieved from /opt/airflow/dags/dag_dbt_hourly_staging.py
[2026-04-05T11:32:23.704+0000] {logging_mixin.py:188} INFO - [2026-04-05T11:32:23.704+0000] {dag.py:3089} INFO - Sync 1 DAGs
[2026-04-05T11:32:23.843+0000] {logging_mixin.py:188} INFO - [2026-04-05T11:32:23.843+0000] {dag.py:3947} INFO - Setting next_dagrun for dbt_hourly_staging to 2026-04-05 10:05:00+00:00, run_after=2026-04-05 11:05:00+00:00
[2026-04-05T11:32:23.971+0000] {processor.py:183} INFO - Processing /opt/airflow/dags/dag_dbt_hourly_staging.py took 0.737 seconds
[2026-04-05T11:32:54.288+0000] {processor.py:161} INFO - Started process (PID=43) to work on /opt/airflow/dags/dag_dbt_hourly_staging.py
[2026-04-05T11:32:54.297+0000] {processor.py:830} INFO - Processing file /opt/airflow/dags/dag_dbt_hourly_staging.py for tasks to queue
[2026-04-05T11:32:54.316+0000] {logging_mixin.py:188} INFO - [2026-04-05T11:32:54.304+0000] {dagbag.py:545} INFO - Filling up the DagBag from /opt/airflow/dags/dag_dbt_hourly_staging.py
[2026-04-05T11:32:54.437+0000] {processor.py:840} INFO - DAG(s) 'dbt_hourly_staging' retrieved from /opt/airflow/dags/dag_dbt_hourly_staging.py
[2026-04-05T11:32:54.681+0000] {logging_mixin.py:188} INFO - [2026-04-05T11:32:54.680+0000] {dag.py:3089} INFO - Sync 1 DAGs
[2026-04-05T11:32:54.914+0000] {logging_mixin.py:188} INFO - [2026-04-05T11:32:54.913+0000] {dag.py:3947} INFO - Setting next_dagrun for dbt_hourly_staging to 2026-04-05 10:05:00+00:00, run_after=2026-04-05 11:05:00+00:00
[2026-04-05T11:32:55.168+0000] {processor.py:183} INFO - Processing /opt/airflow/dags/dag_dbt_hourly_staging.py took 0.948 seconds
[2026-04-05T11:33:25.780+0000] {processor.py:161} INFO - Started process (PID=47) to work on /opt/airflow/dags/dag_dbt_hourly_staging.py
[2026-04-05T11:33:25.783+0000] {processor.py:830} INFO - Processing file /opt/airflow/dags/dag_dbt_hourly_staging.py for tasks to queue
[2026-04-05T11:33:25.787+0000] {logging_mixin.py:188} INFO - [2026-04-05T11:33:25.786+0000] {dagbag.py:545} INFO - Filling up the DagBag from /opt/airflow/dags/dag_dbt_hourly_staging.py
[2026-04-05T11:33:25.860+0000] {processor.py:840} INFO - DAG(s) 'dbt_hourly_staging' retrieved from /opt/airflow/dags/dag_dbt_hourly_staging.py
[2026-04-05T11:33:25.995+0000] {logging_mixin.py:188} INFO - [2026-04-05T11:33:25.994+0000] {dag.py:3089} INFO - Sync 1 DAGs
[2026-04-05T11:33:26.105+0000] {logging_mixin.py:188} INFO - [2026-04-05T11:33:26.104+0000] {dag.py:3947} INFO - Setting next_dagrun for dbt_hourly_staging to 2026-04-05 10:05:00+00:00, run_after=2026-04-05 11:05:00+00:00
[2026-04-05T11:33:26.190+0000] {processor.py:183} INFO - Processing /opt/airflow/dags/dag_dbt_hourly_staging.py took 0.424 seconds
[2026-04-05T11:33:56.409+0000] {processor.py:161} INFO - Started process (PID=51) to work on /opt/airflow/dags/dag_dbt_hourly_staging.py
[2026-04-05T11:33:56.412+0000] {processor.py:830} INFO - Processing file /opt/airflow/dags/dag_dbt_hourly_staging.py for tasks to queue
[2026-04-05T11:33:56.416+0000] {logging_mixin.py:188} INFO - [2026-04-05T11:33:56.415+0000] {dagbag.py:545} INFO - Filling up the DagBag from /opt/airflow/dags/dag_dbt_hourly_staging.py
[2026-04-05T11:33:56.474+0000] {processor.py:840} INFO - DAG(s) 'dbt_hourly_staging' retrieved from /opt/airflow/dags/dag_dbt_hourly_staging.py
[2026-04-05T11:33:56.561+0000] {logging_mixin.py:188} INFO - [2026-04-05T11:33:56.561+0000] {dag.py:3089} INFO - Sync 1 DAGs
[2026-04-05T11:33:56.636+0000] {logging_mixin.py:188} INFO - [2026-04-05T11:33:56.636+0000] {dag.py:3947} INFO - Setting next_dagrun for dbt_hourly_staging to 2026-04-05 10:05:00+00:00, run_after=2026-04-05 11:05:00+00:00
[2026-04-05T11:33:56.756+0000] {processor.py:183} INFO - Processing /opt/airflow/dags/dag_dbt_hourly_staging.py took 0.362 seconds
[2026-04-05T11:34:27.334+0000] {processor.py:161} INFO - Started process (PID=55) to work on /opt/airflow/dags/dag_dbt_hourly_staging.py
[2026-04-05T11:34:27.340+0000] {processor.py:830} INFO - Processing file /opt/airflow/dags/dag_dbt_hourly_staging.py for tasks to queue
[2026-04-05T11:34:27.346+0000] {logging_mixin.py:188} INFO - [2026-04-05T11:34:27.345+0000] {dagbag.py:545} INFO - Filling up the DagBag from /opt/airflow/dags/dag_dbt_hourly_staging.py
[2026-04-05T11:34:27.388+0000] {processor.py:840} INFO - DAG(s) 'dbt_hourly_staging' retrieved from /opt/airflow/dags/dag_dbt_hourly_staging.py
[2026-04-05T11:34:27.478+0000] {logging_mixin.py:188} INFO - [2026-04-05T11:34:27.478+0000] {dag.py:3089} INFO - Sync 1 DAGs
[2026-04-05T11:34:27.542+0000] {logging_mixin.py:188} INFO - [2026-04-05T11:34:27.542+0000] {dag.py:3947} INFO - Setting next_dagrun for dbt_hourly_staging to 2026-04-05 10:05:00+00:00, run_after=2026-04-05 11:05:00+00:00
[2026-04-05T11:34:27.602+0000] {processor.py:183} INFO - Processing /opt/airflow/dags/dag_dbt_hourly_staging.py took 0.284 seconds
[2026-04-05T11:34:57.713+0000] {processor.py:161} INFO - Started process (PID=59) to work on /opt/airflow/dags/dag_dbt_hourly_staging.py
[2026-04-05T11:34:57.716+0000] {processor.py:830} INFO - Processing file /opt/airflow/dags/dag_dbt_hourly_staging.py for tasks to queue
[2026-04-05T11:34:57.720+0000] {logging_mixin.py:188} INFO - [2026-04-05T11:34:57.719+0000] {dagbag.py:545} INFO - Filling up the DagBag from /opt/airflow/dags/dag_dbt_hourly_staging.py
[2026-04-05T11:34:57.763+0000] {processor.py:840} INFO - DAG(s) 'dbt_hourly_staging' retrieved from /opt/airflow/dags/dag_dbt_hourly_staging.py
[2026-04-05T11:34:57.843+0000] {logging_mixin.py:188} INFO - [2026-04-05T11:34:57.842+0000] {dag.py:3089} INFO - Sync 1 DAGs
[2026-04-05T11:34:57.889+0000] {logging_mixin.py:188} INFO - [2026-04-05T11:34:57.889+0000] {dag.py:3947} INFO - Setting next_dagrun for dbt_hourly_staging to 2026-04-05 10:05:00+00:00, run_after=2026-04-05 11:05:00+00:00
[2026-04-05T11:34:58.133+0000] {processor.py:183} INFO - Processing /opt/airflow/dags/dag_dbt_hourly_staging.py took 0.431 seconds
[2026-04-05T11:35:29.070+0000] {processor.py:161} INFO - Started process (PID=63) to work on /opt/airflow/dags/dag_dbt_hourly_staging.py
[2026-04-05T11:35:29.072+0000] {processor.py:830} INFO - Processing file /opt/airflow/dags/dag_dbt_hourly_staging.py for tasks to queue
[2026-04-05T11:35:29.081+0000] {logging_mixin.py:188} INFO - [2026-04-05T11:35:29.080+0000] {dagbag.py:545} INFO - Filling up the DagBag from /opt/airflow/dags/dag_dbt_hourly_staging.py
[2026-04-05T11:35:29.136+0000] {processor.py:840} INFO - DAG(s) 'dbt_hourly_staging' retrieved from /opt/airflow/dags/dag_dbt_hourly_staging.py
[2026-04-05T11:35:29.365+0000] {logging_mixin.py:188} INFO - [2026-04-05T11:35:29.364+0000] {dag.py:3089} INFO - Sync 1 DAGs
[2026-04-05T11:35:29.525+0000] {logging_mixin.py:188} INFO - [2026-04-05T11:35:29.522+0000] {dag.py:3947} INFO - Setting next_dagrun for dbt_hourly_staging to 2026-04-05 10:05:00+00:00, run_after=2026-04-05 11:05:00+00:00
[2026-04-05T11:35:29.674+0000] {processor.py:183} INFO - Processing /opt/airflow/dags/dag_dbt_hourly_staging.py took 0.617 seconds
[2026-04-05T11:36:00.002+0000] {processor.py:161} INFO - Started process (PID=67) to work on /opt/airflow/dags/dag_dbt_hourly_staging.py
[2026-04-05T11:36:00.014+0000] {processor.py:830} INFO - Processing file /opt/airflow/dags/dag_dbt_hourly_staging.py for tasks to queue
[2026-04-05T11:36:00.018+0000] {logging_mixin.py:188} INFO - [2026-04-05T11:36:00.017+0000] {dagbag.py:545} INFO - Filling up the DagBag from /opt/airflow/dags/dag_dbt_hourly_staging.py
[2026-04-05T11:36:00.182+0000] {processor.py:840} INFO - DAG(s) 'dbt_hourly_staging' retrieved from /opt/airflow/dags/dag_dbt_hourly_staging.py
[2026-04-05T11:36:00.396+0000] {logging_mixin.py:188} INFO - [2026-04-05T11:36:00.390+0000] {dag.py:3089} INFO - Sync 1 DAGs
[2026-04-05T11:36:00.548+0000] {logging_mixin.py:188} INFO - [2026-04-05T11:36:00.546+0000] {dag.py:3947} INFO - Setting next_dagrun for dbt_hourly_staging to 2026-04-05 10:05:00+00:00, run_after=2026-04-05 11:05:00+00:00
[2026-04-05T11:36:00.959+0000] {processor.py:183} INFO - Processing /opt/airflow/dags/dag_dbt_hourly_staging.py took 0.978 seconds
[2026-04-05T11:36:31.675+0000] {processor.py:161} INFO - Started process (PID=71) to work on /opt/airflow/dags/dag_dbt_hourly_staging.py
[2026-04-05T11:36:31.678+0000] {processor.py:830} INFO - Processing file /opt/airflow/dags/dag_dbt_hourly_staging.py for tasks to queue
[2026-04-05T11:36:31.682+0000] {logging_mixin.py:188} INFO - [2026-04-05T11:36:31.682+0000] {dagbag.py:545} INFO - Filling up the DagBag from /opt/airflow/dags/dag_dbt_hourly_staging.py
[2026-04-05T11:36:31.874+0000] {processor.py:840} INFO - DAG(s) 'dbt_hourly_staging' retrieved from /opt/airflow/dags/dag_dbt_hourly_staging.py
[2026-04-05T11:36:32.203+0000] {logging_mixin.py:188} INFO - [2026-04-05T11:36:32.203+0000] {dag.py:3089} INFO - Sync 1 DAGs
[2026-04-05T11:36:32.415+0000] {logging_mixin.py:188} INFO - [2026-04-05T11:36:32.415+0000] {dag.py:3947} INFO - Setting next_dagrun for dbt_hourly_staging to 2026-04-05 10:05:00+00:00, run_after=2026-04-05 11:05:00+00:00
[2026-04-05T11:36:32.563+0000] {processor.py:183} INFO - Processing /opt/airflow/dags/dag_dbt_hourly_staging.py took 0.931 seconds
[2026-04-05T11:37:03.578+0000] {processor.py:161} INFO - Started process (PID=75) to work on /opt/airflow/dags/dag_dbt_hourly_staging.py
[2026-04-05T11:37:03.585+0000] {processor.py:830} INFO - Processing file /opt/airflow/dags/dag_dbt_hourly_staging.py for tasks to queue
[2026-04-05T11:37:03.596+0000] {logging_mixin.py:188} INFO - [2026-04-05T11:37:03.593+0000] {dagbag.py:545} INFO - Filling up the DagBag from /opt/airflow/dags/dag_dbt_hourly_staging.py
[2026-04-05T11:37:03.740+0000] {processor.py:840} INFO - DAG(s) 'dbt_hourly_staging' retrieved from /opt/airflow/dags/dag_dbt_hourly_staging.py
[2026-04-05T11:37:03.991+0000] {logging_mixin.py:188} INFO - [2026-04-05T11:37:03.988+0000] {dag.py:3089} INFO - Sync 1 DAGs
[2026-04-05T11:37:04.101+0000] {logging_mixin.py:188} INFO - [2026-04-05T11:37:04.101+0000] {dag.py:3947} INFO - Setting next_dagrun for dbt_hourly_staging to 2026-04-05 10:05:00+00:00, run_after=2026-04-05 11:05:00+00:00
[2026-04-05T11:37:04.228+0000] {processor.py:183} INFO - Processing /opt/airflow/dags/dag_dbt_hourly_staging.py took 0.689 seconds
[2026-04-05T11:37:34.638+0000] {processor.py:161} INFO - Started process (PID=79) to work on /opt/airflow/dags/dag_dbt_hourly_staging.py
[2026-04-05T11:37:34.639+0000] {processor.py:830} INFO - Processing file /opt/airflow/dags/dag_dbt_hourly_staging.py for tasks to queue
[2026-04-05T11:37:34.643+0000] {logging_mixin.py:188} INFO - [2026-04-05T11:37:34.642+0000] {dagbag.py:545} INFO - Filling up the DagBag from /opt/airflow/dags/dag_dbt_hourly_staging.py
[2026-04-05T11:37:34.681+0000] {processor.py:840} INFO - DAG(s) 'dbt_hourly_staging' retrieved from /opt/airflow/dags/dag_dbt_hourly_staging.py
[2026-04-05T11:37:34.763+0000] {logging_mixin.py:188} INFO - [2026-04-05T11:37:34.763+0000] {dag.py:3089} INFO - Sync 1 DAGs
[2026-04-05T11:37:34.861+0000] {logging_mixin.py:188} INFO - [2026-04-05T11:37:34.861+0000] {dag.py:3947} INFO - Setting next_dagrun for dbt_hourly_staging to 2026-04-05 10:05:00+00:00, run_after=2026-04-05 11:05:00+00:00
[2026-04-05T11:37:34.917+0000] {processor.py:183} INFO - Processing /opt/airflow/dags/dag_dbt_hourly_staging.py took 0.292 seconds
[2026-04-05T11:38:05.740+0000] {processor.py:161} INFO - Started process (PID=83) to work on /opt/airflow/dags/dag_dbt_hourly_staging.py
[2026-04-05T11:38:05.742+0000] {processor.py:830} INFO - Processing file /opt/airflow/dags/dag_dbt_hourly_staging.py for tasks to queue
[2026-04-05T11:38:05.746+0000] {logging_mixin.py:188} INFO - [2026-04-05T11:38:05.745+0000] {dagbag.py:545} INFO - Filling up the DagBag from /opt/airflow/dags/dag_dbt_hourly_staging.py
[2026-04-05T11:38:05.799+0000] {processor.py:840} INFO - DAG(s) 'dbt_hourly_staging' retrieved from /opt/airflow/dags/dag_dbt_hourly_staging.py
[2026-04-05T11:38:05.879+0000] {logging_mixin.py:188} INFO - [2026-04-05T11:38:05.879+0000] {dag.py:3089} INFO - Sync 1 DAGs
[2026-04-05T11:38:05.920+0000] {logging_mixin.py:188} INFO - [2026-04-05T11:38:05.920+0000] {dag.py:3947} INFO - Setting next_dagrun for dbt_hourly_staging to 2026-04-05 10:05:00+00:00, run_after=2026-04-05 11:05:00+00:00
[2026-04-05T11:38:05.962+0000] {processor.py:183} INFO - Processing /opt/airflow/dags/dag_dbt_hourly_staging.py took 0.239 seconds
[2026-04-05T11:38:36.668+0000] {processor.py:161} INFO - Started process (PID=87) to work on /opt/airflow/dags/dag_dbt_hourly_staging.py
[2026-04-05T11:38:36.675+0000] {processor.py:830} INFO - Processing file /opt/airflow/dags/dag_dbt_hourly_staging.py for tasks to queue
[2026-04-05T11:38:36.680+0000] {logging_mixin.py:188} INFO - [2026-04-05T11:38:36.679+0000] {dagbag.py:545} INFO - Filling up the DagBag from /opt/airflow/dags/dag_dbt_hourly_staging.py
[2026-04-05T11:38:36.750+0000] {processor.py:840} INFO - DAG(s) 'dbt_hourly_staging' retrieved from /opt/airflow/dags/dag_dbt_hourly_staging.py
[2026-04-05T11:38:37.053+0000] {logging_mixin.py:188} INFO - [2026-04-05T11:38:37.053+0000] {dag.py:3089} INFO - Sync 1 DAGs
[2026-04-05T11:38:37.097+0000] {logging_mixin.py:188} INFO - [2026-04-05T11:38:37.097+0000] {dag.py:3947} INFO - Setting next_dagrun for dbt_hourly_staging to 2026-04-05 10:05:00+00:00, run_after=2026-04-05 11:05:00+00:00
[2026-04-05T11:38:37.159+0000] {processor.py:183} INFO - Processing /opt/airflow/dags/dag_dbt_hourly_staging.py took 0.542 seconds
