[2026-04-05T11:13:34.218+0000] {processor.py:161} INFO - Started process (PID=23) to work on /opt/airflow/dags/dag_pipeline_monitor.py
[2026-04-05T11:13:34.227+0000] {processor.py:830} INFO - Processing file /opt/airflow/dags/dag_pipeline_monitor.py for tasks to queue
[2026-04-05T11:13:34.243+0000] {logging_mixin.py:188} INFO - [2026-04-05T11:13:34.239+0000] {dagbag.py:545} INFO - Filling up the DagBag from /opt/airflow/dags/dag_pipeline_monitor.py
[2026-04-05T11:13:34.451+0000] {processor.py:840} INFO - DAG(s) 'pipeline_monitor' retrieved from /opt/airflow/dags/dag_pipeline_monitor.py
[2026-04-05T11:13:35.217+0000] {logging_mixin.py:188} INFO - [2026-04-05T11:13:35.216+0000] {override.py:1858} INFO - Created Permission View: can read on DAG:pipeline_monitor
[2026-04-05T11:13:35.258+0000] {logging_mixin.py:188} INFO - [2026-04-05T11:13:35.257+0000] {override.py:1858} INFO - Created Permission View: can delete on DAG:pipeline_monitor
[2026-04-05T11:13:35.293+0000] {logging_mixin.py:188} INFO - [2026-04-05T11:13:35.293+0000] {override.py:1858} INFO - Created Permission View: can edit on DAG:pipeline_monitor
[2026-04-05T11:13:35.295+0000] {logging_mixin.py:188} INFO - [2026-04-05T11:13:35.294+0000] {dag.py:3089} INFO - Sync 1 DAGs
[2026-04-05T11:13:35.326+0000] {logging_mixin.py:188} INFO - [2026-04-05T11:13:35.326+0000] {dag.py:3111} INFO - Creating ORM DAG for pipeline_monitor
[2026-04-05T11:13:35.379+0000] {logging_mixin.py:188} INFO - [2026-04-05T11:13:35.377+0000] {dag.py:3947} INFO - Setting next_dagrun for pipeline_monitor to 2026-04-05 10:45:00+00:00, run_after=2026-04-05 11:00:00+00:00
[2026-04-05T11:13:35.473+0000] {processor.py:183} INFO - Processing /opt/airflow/dags/dag_pipeline_monitor.py took 1.306 seconds
[2026-04-05T11:14:06.220+0000] {processor.py:161} INFO - Started process (PID=26) to work on /opt/airflow/dags/dag_pipeline_monitor.py
[2026-04-05T11:14:06.237+0000] {processor.py:830} INFO - Processing file /opt/airflow/dags/dag_pipeline_monitor.py for tasks to queue
[2026-04-05T11:14:06.248+0000] {logging_mixin.py:188} INFO - [2026-04-05T11:14:06.246+0000] {dagbag.py:545} INFO - Filling up the DagBag from /opt/airflow/dags/dag_pipeline_monitor.py
[2026-04-05T11:14:06.351+0000] {processor.py:840} INFO - DAG(s) 'pipeline_monitor' retrieved from /opt/airflow/dags/dag_pipeline_monitor.py
[2026-04-05T11:14:06.746+0000] {logging_mixin.py:188} INFO - [2026-04-05T11:14:06.743+0000] {dag.py:3089} INFO - Sync 1 DAGs
[2026-04-05T11:14:07.024+0000] {logging_mixin.py:188} INFO - [2026-04-05T11:14:07.024+0000] {dag.py:3947} INFO - Setting next_dagrun for pipeline_monitor to 2026-04-05 10:45:00+00:00, run_after=2026-04-05 11:00:00+00:00
[2026-04-05T11:14:07.113+0000] {processor.py:183} INFO - Processing /opt/airflow/dags/dag_pipeline_monitor.py took 0.924 seconds
[2026-04-05T11:14:38.012+0000] {processor.py:161} INFO - Started process (PID=29) to work on /opt/airflow/dags/dag_pipeline_monitor.py
[2026-04-05T11:14:38.020+0000] {processor.py:830} INFO - Processing file /opt/airflow/dags/dag_pipeline_monitor.py for tasks to queue
[2026-04-05T11:14:38.040+0000] {logging_mixin.py:188} INFO - [2026-04-05T11:14:38.039+0000] {dagbag.py:545} INFO - Filling up the DagBag from /opt/airflow/dags/dag_pipeline_monitor.py
[2026-04-05T11:14:38.520+0000] {processor.py:840} INFO - DAG(s) 'pipeline_monitor' retrieved from /opt/airflow/dags/dag_pipeline_monitor.py
[2026-04-05T11:14:38.827+0000] {logging_mixin.py:188} INFO - [2026-04-05T11:14:38.827+0000] {dag.py:3089} INFO - Sync 1 DAGs
[2026-04-05T11:14:39.037+0000] {logging_mixin.py:188} INFO - [2026-04-05T11:14:39.037+0000] {dag.py:3947} INFO - Setting next_dagrun for pipeline_monitor to 2026-04-05 10:45:00+00:00, run_after=2026-04-05 11:00:00+00:00
[2026-04-05T11:14:39.460+0000] {processor.py:183} INFO - Processing /opt/airflow/dags/dag_pipeline_monitor.py took 1.495 seconds
[2026-04-05T11:15:11.025+0000] {processor.py:161} INFO - Started process (PID=32) to work on /opt/airflow/dags/dag_pipeline_monitor.py
[2026-04-05T11:15:11.035+0000] {processor.py:830} INFO - Processing file /opt/airflow/dags/dag_pipeline_monitor.py for tasks to queue
[2026-04-05T11:15:11.045+0000] {logging_mixin.py:188} INFO - [2026-04-05T11:15:11.039+0000] {dagbag.py:545} INFO - Filling up the DagBag from /opt/airflow/dags/dag_pipeline_monitor.py
[2026-04-05T11:15:11.440+0000] {processor.py:840} INFO - DAG(s) 'pipeline_monitor' retrieved from /opt/airflow/dags/dag_pipeline_monitor.py
[2026-04-05T11:15:11.911+0000] {logging_mixin.py:188} INFO - [2026-04-05T11:15:11.910+0000] {dag.py:3089} INFO - Sync 1 DAGs
[2026-04-05T11:15:12.476+0000] {logging_mixin.py:188} INFO - [2026-04-05T11:15:12.475+0000] {dag.py:3947} INFO - Setting next_dagrun for pipeline_monitor to 2026-04-05 11:00:00+00:00, run_after=2026-04-05 11:15:00+00:00
[2026-04-05T11:15:12.763+0000] {processor.py:183} INFO - Processing /opt/airflow/dags/dag_pipeline_monitor.py took 1.788 seconds
[2026-04-05T11:15:43.407+0000] {processor.py:161} INFO - Started process (PID=35) to work on /opt/airflow/dags/dag_pipeline_monitor.py
[2026-04-05T11:15:43.420+0000] {processor.py:830} INFO - Processing file /opt/airflow/dags/dag_pipeline_monitor.py for tasks to queue
[2026-04-05T11:15:43.430+0000] {logging_mixin.py:188} INFO - [2026-04-05T11:15:43.429+0000] {dagbag.py:545} INFO - Filling up the DagBag from /opt/airflow/dags/dag_pipeline_monitor.py
[2026-04-05T11:15:43.504+0000] {processor.py:840} INFO - DAG(s) 'pipeline_monitor' retrieved from /opt/airflow/dags/dag_pipeline_monitor.py
[2026-04-05T11:15:43.603+0000] {logging_mixin.py:188} INFO - [2026-04-05T11:15:43.602+0000] {dag.py:3089} INFO - Sync 1 DAGs
[2026-04-05T11:15:43.667+0000] {logging_mixin.py:188} INFO - [2026-04-05T11:15:43.667+0000] {dag.py:3947} INFO - Setting next_dagrun for pipeline_monitor to 2026-04-05 11:00:00+00:00, run_after=2026-04-05 11:15:00+00:00
[2026-04-05T11:15:43.797+0000] {processor.py:183} INFO - Processing /opt/airflow/dags/dag_pipeline_monitor.py took 0.444 seconds
[2026-04-05T11:16:14.463+0000] {processor.py:161} INFO - Started process (PID=38) to work on /opt/airflow/dags/dag_pipeline_monitor.py
[2026-04-05T11:16:14.477+0000] {processor.py:830} INFO - Processing file /opt/airflow/dags/dag_pipeline_monitor.py for tasks to queue
[2026-04-05T11:16:14.496+0000] {logging_mixin.py:188} INFO - [2026-04-05T11:16:14.495+0000] {dagbag.py:545} INFO - Filling up the DagBag from /opt/airflow/dags/dag_pipeline_monitor.py
[2026-04-05T11:16:14.664+0000] {processor.py:840} INFO - DAG(s) 'pipeline_monitor' retrieved from /opt/airflow/dags/dag_pipeline_monitor.py
[2026-04-05T11:16:14.900+0000] {logging_mixin.py:188} INFO - [2026-04-05T11:16:14.900+0000] {dag.py:3089} INFO - Sync 1 DAGs
[2026-04-05T11:16:14.984+0000] {logging_mixin.py:188} INFO - [2026-04-05T11:16:14.981+0000] {dag.py:3947} INFO - Setting next_dagrun for pipeline_monitor to 2026-04-05 11:00:00+00:00, run_after=2026-04-05 11:15:00+00:00
[2026-04-05T11:16:15.051+0000] {processor.py:183} INFO - Processing /opt/airflow/dags/dag_pipeline_monitor.py took 0.619 seconds
[2026-04-05T11:16:46.789+0000] {processor.py:161} INFO - Started process (PID=41) to work on /opt/airflow/dags/dag_pipeline_monitor.py
[2026-04-05T11:16:46.796+0000] {processor.py:830} INFO - Processing file /opt/airflow/dags/dag_pipeline_monitor.py for tasks to queue
[2026-04-05T11:16:46.809+0000] {logging_mixin.py:188} INFO - [2026-04-05T11:16:46.808+0000] {dagbag.py:545} INFO - Filling up the DagBag from /opt/airflow/dags/dag_pipeline_monitor.py
[2026-04-05T11:16:46.915+0000] {processor.py:840} INFO - DAG(s) 'pipeline_monitor' retrieved from /opt/airflow/dags/dag_pipeline_monitor.py
[2026-04-05T11:16:47.113+0000] {logging_mixin.py:188} INFO - [2026-04-05T11:16:47.113+0000] {dag.py:3089} INFO - Sync 1 DAGs
[2026-04-05T11:16:47.281+0000] {logging_mixin.py:188} INFO - [2026-04-05T11:16:47.279+0000] {dag.py:3947} INFO - Setting next_dagrun for pipeline_monitor to 2026-04-05 11:00:00+00:00, run_after=2026-04-05 11:15:00+00:00
[2026-04-05T11:16:47.414+0000] {processor.py:183} INFO - Processing /opt/airflow/dags/dag_pipeline_monitor.py took 0.689 seconds
[2026-04-05T11:17:18.821+0000] {processor.py:161} INFO - Started process (PID=44) to work on /opt/airflow/dags/dag_pipeline_monitor.py
[2026-04-05T11:17:18.835+0000] {processor.py:830} INFO - Processing file /opt/airflow/dags/dag_pipeline_monitor.py for tasks to queue
[2026-04-05T11:17:18.856+0000] {logging_mixin.py:188} INFO - [2026-04-05T11:17:18.855+0000] {dagbag.py:545} INFO - Filling up the DagBag from /opt/airflow/dags/dag_pipeline_monitor.py
[2026-04-05T11:17:19.360+0000] {processor.py:840} INFO - DAG(s) 'pipeline_monitor' retrieved from /opt/airflow/dags/dag_pipeline_monitor.py
[2026-04-05T11:17:19.730+0000] {logging_mixin.py:188} INFO - [2026-04-05T11:17:19.730+0000] {dag.py:3089} INFO - Sync 1 DAGs
[2026-04-05T11:17:20.367+0000] {logging_mixin.py:188} INFO - [2026-04-05T11:17:20.366+0000] {dag.py:3947} INFO - Setting next_dagrun for pipeline_monitor to 2026-04-05 11:00:00+00:00, run_after=2026-04-05 11:15:00+00:00
[2026-04-05T11:17:20.710+0000] {processor.py:183} INFO - Processing /opt/airflow/dags/dag_pipeline_monitor.py took 1.932 seconds
[2026-04-05T11:17:50.945+0000] {processor.py:161} INFO - Started process (PID=47) to work on /opt/airflow/dags/dag_pipeline_monitor.py
[2026-04-05T11:17:50.948+0000] {processor.py:830} INFO - Processing file /opt/airflow/dags/dag_pipeline_monitor.py for tasks to queue
[2026-04-05T11:17:50.952+0000] {logging_mixin.py:188} INFO - [2026-04-05T11:17:50.951+0000] {dagbag.py:545} INFO - Filling up the DagBag from /opt/airflow/dags/dag_pipeline_monitor.py
[2026-04-05T11:17:51.000+0000] {processor.py:840} INFO - DAG(s) 'pipeline_monitor' retrieved from /opt/airflow/dags/dag_pipeline_monitor.py
[2026-04-05T11:17:51.083+0000] {logging_mixin.py:188} INFO - [2026-04-05T11:17:51.082+0000] {dag.py:3089} INFO - Sync 1 DAGs
[2026-04-05T11:17:51.151+0000] {logging_mixin.py:188} INFO - [2026-04-05T11:17:51.151+0000] {dag.py:3947} INFO - Setting next_dagrun for pipeline_monitor to 2026-04-05 11:00:00+00:00, run_after=2026-04-05 11:15:00+00:00
[2026-04-05T11:17:51.228+0000] {processor.py:183} INFO - Processing /opt/airflow/dags/dag_pipeline_monitor.py took 0.296 seconds
[2026-04-05T11:18:22.008+0000] {processor.py:161} INFO - Started process (PID=50) to work on /opt/airflow/dags/dag_pipeline_monitor.py
[2026-04-05T11:18:22.013+0000] {processor.py:830} INFO - Processing file /opt/airflow/dags/dag_pipeline_monitor.py for tasks to queue
[2026-04-05T11:18:22.028+0000] {logging_mixin.py:188} INFO - [2026-04-05T11:18:22.016+0000] {dagbag.py:545} INFO - Filling up the DagBag from /opt/airflow/dags/dag_pipeline_monitor.py
[2026-04-05T11:18:22.232+0000] {processor.py:840} INFO - DAG(s) 'pipeline_monitor' retrieved from /opt/airflow/dags/dag_pipeline_monitor.py
[2026-04-05T11:18:22.365+0000] {logging_mixin.py:188} INFO - [2026-04-05T11:18:22.365+0000] {dag.py:3089} INFO - Sync 1 DAGs
[2026-04-05T11:18:22.448+0000] {logging_mixin.py:188} INFO - [2026-04-05T11:18:22.447+0000] {dag.py:3947} INFO - Setting next_dagrun for pipeline_monitor to 2026-04-05 11:00:00+00:00, run_after=2026-04-05 11:15:00+00:00
[2026-04-05T11:18:22.607+0000] {processor.py:183} INFO - Processing /opt/airflow/dags/dag_pipeline_monitor.py took 0.629 seconds
[2026-04-05T11:18:52.865+0000] {processor.py:161} INFO - Started process (PID=53) to work on /opt/airflow/dags/dag_pipeline_monitor.py
[2026-04-05T11:18:52.867+0000] {processor.py:830} INFO - Processing file /opt/airflow/dags/dag_pipeline_monitor.py for tasks to queue
[2026-04-05T11:18:52.872+0000] {logging_mixin.py:188} INFO - [2026-04-05T11:18:52.871+0000] {dagbag.py:545} INFO - Filling up the DagBag from /opt/airflow/dags/dag_pipeline_monitor.py
[2026-04-05T11:18:52.929+0000] {processor.py:840} INFO - DAG(s) 'pipeline_monitor' retrieved from /opt/airflow/dags/dag_pipeline_monitor.py
[2026-04-05T11:18:53.025+0000] {logging_mixin.py:188} INFO - [2026-04-05T11:18:53.024+0000] {dag.py:3089} INFO - Sync 1 DAGs
[2026-04-05T11:18:53.082+0000] {logging_mixin.py:188} INFO - [2026-04-05T11:18:53.082+0000] {dag.py:3947} INFO - Setting next_dagrun for pipeline_monitor to 2026-04-05 11:00:00+00:00, run_after=2026-04-05 11:15:00+00:00
[2026-04-05T11:18:53.224+0000] {processor.py:183} INFO - Processing /opt/airflow/dags/dag_pipeline_monitor.py took 0.376 seconds
[2026-04-05T11:19:24.050+0000] {processor.py:161} INFO - Started process (PID=56) to work on /opt/airflow/dags/dag_pipeline_monitor.py
[2026-04-05T11:19:24.056+0000] {processor.py:830} INFO - Processing file /opt/airflow/dags/dag_pipeline_monitor.py for tasks to queue
[2026-04-05T11:19:24.062+0000] {logging_mixin.py:188} INFO - [2026-04-05T11:19:24.060+0000] {dagbag.py:545} INFO - Filling up the DagBag from /opt/airflow/dags/dag_pipeline_monitor.py
[2026-04-05T11:19:24.169+0000] {processor.py:840} INFO - DAG(s) 'pipeline_monitor' retrieved from /opt/airflow/dags/dag_pipeline_monitor.py
[2026-04-05T11:19:24.441+0000] {logging_mixin.py:188} INFO - [2026-04-05T11:19:24.440+0000] {dag.py:3089} INFO - Sync 1 DAGs
[2026-04-05T11:19:24.611+0000] {logging_mixin.py:188} INFO - [2026-04-05T11:19:24.603+0000] {dag.py:3947} INFO - Setting next_dagrun for pipeline_monitor to 2026-04-05 11:00:00+00:00, run_after=2026-04-05 11:15:00+00:00
[2026-04-05T11:19:24.776+0000] {processor.py:183} INFO - Processing /opt/airflow/dags/dag_pipeline_monitor.py took 0.756 seconds
[2026-04-05T11:19:55.971+0000] {processor.py:161} INFO - Started process (PID=59) to work on /opt/airflow/dags/dag_pipeline_monitor.py
[2026-04-05T11:19:55.975+0000] {processor.py:830} INFO - Processing file /opt/airflow/dags/dag_pipeline_monitor.py for tasks to queue
[2026-04-05T11:19:55.982+0000] {logging_mixin.py:188} INFO - [2026-04-05T11:19:55.982+0000] {dagbag.py:545} INFO - Filling up the DagBag from /opt/airflow/dags/dag_pipeline_monitor.py
[2026-04-05T11:19:56.036+0000] {processor.py:840} INFO - DAG(s) 'pipeline_monitor' retrieved from /opt/airflow/dags/dag_pipeline_monitor.py
[2026-04-05T11:19:56.110+0000] {logging_mixin.py:188} INFO - [2026-04-05T11:19:56.110+0000] {dag.py:3089} INFO - Sync 1 DAGs
[2026-04-05T11:19:56.183+0000] {logging_mixin.py:188} INFO - [2026-04-05T11:19:56.183+0000] {dag.py:3947} INFO - Setting next_dagrun for pipeline_monitor to 2026-04-05 11:00:00+00:00, run_after=2026-04-05 11:15:00+00:00
[2026-04-05T11:19:56.279+0000] {processor.py:183} INFO - Processing /opt/airflow/dags/dag_pipeline_monitor.py took 0.326 seconds
[2026-04-05T11:20:26.639+0000] {processor.py:161} INFO - Started process (PID=62) to work on /opt/airflow/dags/dag_pipeline_monitor.py
[2026-04-05T11:20:26.654+0000] {processor.py:830} INFO - Processing file /opt/airflow/dags/dag_pipeline_monitor.py for tasks to queue
[2026-04-05T11:20:26.671+0000] {logging_mixin.py:188} INFO - [2026-04-05T11:20:26.670+0000] {dagbag.py:545} INFO - Filling up the DagBag from /opt/airflow/dags/dag_pipeline_monitor.py
[2026-04-05T11:20:26.843+0000] {processor.py:840} INFO - DAG(s) 'pipeline_monitor' retrieved from /opt/airflow/dags/dag_pipeline_monitor.py
[2026-04-05T11:20:26.996+0000] {logging_mixin.py:188} INFO - [2026-04-05T11:20:26.996+0000] {dag.py:3089} INFO - Sync 1 DAGs
[2026-04-05T11:20:27.155+0000] {logging_mixin.py:188} INFO - [2026-04-05T11:20:27.155+0000] {dag.py:3947} INFO - Setting next_dagrun for pipeline_monitor to 2026-04-05 11:00:00+00:00, run_after=2026-04-05 11:15:00+00:00
[2026-04-05T11:20:27.346+0000] {processor.py:183} INFO - Processing /opt/airflow/dags/dag_pipeline_monitor.py took 0.791 seconds
[2026-04-05T11:20:57.958+0000] {processor.py:161} INFO - Started process (PID=65) to work on /opt/airflow/dags/dag_pipeline_monitor.py
[2026-04-05T11:20:57.961+0000] {processor.py:830} INFO - Processing file /opt/airflow/dags/dag_pipeline_monitor.py for tasks to queue
[2026-04-05T11:20:57.969+0000] {logging_mixin.py:188} INFO - [2026-04-05T11:20:57.965+0000] {dagbag.py:545} INFO - Filling up the DagBag from /opt/airflow/dags/dag_pipeline_monitor.py
[2026-04-05T11:20:58.056+0000] {processor.py:840} INFO - DAG(s) 'pipeline_monitor' retrieved from /opt/airflow/dags/dag_pipeline_monitor.py
[2026-04-05T11:20:58.311+0000] {logging_mixin.py:188} INFO - [2026-04-05T11:20:58.309+0000] {dag.py:3089} INFO - Sync 1 DAGs
[2026-04-05T11:20:58.432+0000] {logging_mixin.py:188} INFO - [2026-04-05T11:20:58.431+0000] {dag.py:3947} INFO - Setting next_dagrun for pipeline_monitor to 2026-04-05 11:00:00+00:00, run_after=2026-04-05 11:15:00+00:00
[2026-04-05T11:20:58.502+0000] {processor.py:183} INFO - Processing /opt/airflow/dags/dag_pipeline_monitor.py took 0.566 seconds
[2026-04-05T11:21:28.979+0000] {processor.py:161} INFO - Started process (PID=68) to work on /opt/airflow/dags/dag_pipeline_monitor.py
[2026-04-05T11:21:28.993+0000] {processor.py:830} INFO - Processing file /opt/airflow/dags/dag_pipeline_monitor.py for tasks to queue
[2026-04-05T11:21:29.001+0000] {logging_mixin.py:188} INFO - [2026-04-05T11:21:29.001+0000] {dagbag.py:545} INFO - Filling up the DagBag from /opt/airflow/dags/dag_pipeline_monitor.py
[2026-04-05T11:21:29.064+0000] {processor.py:840} INFO - DAG(s) 'pipeline_monitor' retrieved from /opt/airflow/dags/dag_pipeline_monitor.py
[2026-04-05T11:21:29.266+0000] {logging_mixin.py:188} INFO - [2026-04-05T11:21:29.265+0000] {dag.py:3089} INFO - Sync 1 DAGs
[2026-04-05T11:21:29.372+0000] {logging_mixin.py:188} INFO - [2026-04-05T11:21:29.371+0000] {dag.py:3947} INFO - Setting next_dagrun for pipeline_monitor to 2026-04-05 11:00:00+00:00, run_after=2026-04-05 11:15:00+00:00
[2026-04-05T11:21:29.507+0000] {processor.py:183} INFO - Processing /opt/airflow/dags/dag_pipeline_monitor.py took 0.557 seconds
[2026-04-05T11:22:00.023+0000] {processor.py:161} INFO - Started process (PID=71) to work on /opt/airflow/dags/dag_pipeline_monitor.py
[2026-04-05T11:22:00.026+0000] {processor.py:830} INFO - Processing file /opt/airflow/dags/dag_pipeline_monitor.py for tasks to queue
[2026-04-05T11:22:00.036+0000] {logging_mixin.py:188} INFO - [2026-04-05T11:22:00.035+0000] {dagbag.py:545} INFO - Filling up the DagBag from /opt/airflow/dags/dag_pipeline_monitor.py
[2026-04-05T11:22:00.093+0000] {processor.py:840} INFO - DAG(s) 'pipeline_monitor' retrieved from /opt/airflow/dags/dag_pipeline_monitor.py
[2026-04-05T11:22:00.220+0000] {logging_mixin.py:188} INFO - [2026-04-05T11:22:00.219+0000] {dag.py:3089} INFO - Sync 1 DAGs
[2026-04-05T11:22:00.297+0000] {logging_mixin.py:188} INFO - [2026-04-05T11:22:00.296+0000] {dag.py:3947} INFO - Setting next_dagrun for pipeline_monitor to 2026-04-05 11:00:00+00:00, run_after=2026-04-05 11:15:00+00:00
[2026-04-05T11:22:00.363+0000] {processor.py:183} INFO - Processing /opt/airflow/dags/dag_pipeline_monitor.py took 0.362 seconds
[2026-04-05T11:22:30.705+0000] {processor.py:161} INFO - Started process (PID=74) to work on /opt/airflow/dags/dag_pipeline_monitor.py
[2026-04-05T11:22:30.712+0000] {processor.py:830} INFO - Processing file /opt/airflow/dags/dag_pipeline_monitor.py for tasks to queue
[2026-04-05T11:22:30.716+0000] {logging_mixin.py:188} INFO - [2026-04-05T11:22:30.716+0000] {dagbag.py:545} INFO - Filling up the DagBag from /opt/airflow/dags/dag_pipeline_monitor.py
[2026-04-05T11:22:30.779+0000] {processor.py:840} INFO - DAG(s) 'pipeline_monitor' retrieved from /opt/airflow/dags/dag_pipeline_monitor.py
[2026-04-05T11:22:30.859+0000] {logging_mixin.py:188} INFO - [2026-04-05T11:22:30.858+0000] {dag.py:3089} INFO - Sync 1 DAGs
[2026-04-05T11:22:30.923+0000] {logging_mixin.py:188} INFO - [2026-04-05T11:22:30.923+0000] {dag.py:3947} INFO - Setting next_dagrun for pipeline_monitor to 2026-04-05 11:00:00+00:00, run_after=2026-04-05 11:15:00+00:00
[2026-04-05T11:22:30.978+0000] {processor.py:183} INFO - Processing /opt/airflow/dags/dag_pipeline_monitor.py took 0.290 seconds
[2026-04-05T11:23:01.502+0000] {processor.py:161} INFO - Started process (PID=77) to work on /opt/airflow/dags/dag_pipeline_monitor.py
[2026-04-05T11:23:01.504+0000] {processor.py:830} INFO - Processing file /opt/airflow/dags/dag_pipeline_monitor.py for tasks to queue
[2026-04-05T11:23:01.510+0000] {logging_mixin.py:188} INFO - [2026-04-05T11:23:01.509+0000] {dagbag.py:545} INFO - Filling up the DagBag from /opt/airflow/dags/dag_pipeline_monitor.py
[2026-04-05T11:23:01.626+0000] {processor.py:840} INFO - DAG(s) 'pipeline_monitor' retrieved from /opt/airflow/dags/dag_pipeline_monitor.py
[2026-04-05T11:23:01.888+0000] {logging_mixin.py:188} INFO - [2026-04-05T11:23:01.887+0000] {dag.py:3089} INFO - Sync 1 DAGs
[2026-04-05T11:23:02.207+0000] {logging_mixin.py:188} INFO - [2026-04-05T11:23:02.206+0000] {dag.py:3947} INFO - Setting next_dagrun for pipeline_monitor to 2026-04-05 11:00:00+00:00, run_after=2026-04-05 11:15:00+00:00
[2026-04-05T11:23:02.300+0000] {processor.py:183} INFO - Processing /opt/airflow/dags/dag_pipeline_monitor.py took 0.841 seconds
[2026-04-05T11:23:32.840+0000] {processor.py:161} INFO - Started process (PID=80) to work on /opt/airflow/dags/dag_pipeline_monitor.py
[2026-04-05T11:23:32.844+0000] {processor.py:830} INFO - Processing file /opt/airflow/dags/dag_pipeline_monitor.py for tasks to queue
[2026-04-05T11:23:32.849+0000] {logging_mixin.py:188} INFO - [2026-04-05T11:23:32.848+0000] {dagbag.py:545} INFO - Filling up the DagBag from /opt/airflow/dags/dag_pipeline_monitor.py
[2026-04-05T11:23:32.910+0000] {processor.py:840} INFO - DAG(s) 'pipeline_monitor' retrieved from /opt/airflow/dags/dag_pipeline_monitor.py
[2026-04-05T11:23:33.024+0000] {logging_mixin.py:188} INFO - [2026-04-05T11:23:33.023+0000] {dag.py:3089} INFO - Sync 1 DAGs
[2026-04-05T11:23:33.088+0000] {logging_mixin.py:188} INFO - [2026-04-05T11:23:33.088+0000] {dag.py:3947} INFO - Setting next_dagrun for pipeline_monitor to 2026-04-05 11:00:00+00:00, run_after=2026-04-05 11:15:00+00:00
[2026-04-05T11:23:33.223+0000] {processor.py:183} INFO - Processing /opt/airflow/dags/dag_pipeline_monitor.py took 0.398 seconds
[2026-04-05T11:24:03.979+0000] {processor.py:161} INFO - Started process (PID=83) to work on /opt/airflow/dags/dag_pipeline_monitor.py
[2026-04-05T11:24:03.984+0000] {processor.py:830} INFO - Processing file /opt/airflow/dags/dag_pipeline_monitor.py for tasks to queue
[2026-04-05T11:24:03.991+0000] {logging_mixin.py:188} INFO - [2026-04-05T11:24:03.991+0000] {dagbag.py:545} INFO - Filling up the DagBag from /opt/airflow/dags/dag_pipeline_monitor.py
[2026-04-05T11:24:04.072+0000] {processor.py:840} INFO - DAG(s) 'pipeline_monitor' retrieved from /opt/airflow/dags/dag_pipeline_monitor.py
[2026-04-05T11:24:04.281+0000] {logging_mixin.py:188} INFO - [2026-04-05T11:24:04.278+0000] {dag.py:3089} INFO - Sync 1 DAGs
[2026-04-05T11:24:04.423+0000] {logging_mixin.py:188} INFO - [2026-04-05T11:24:04.422+0000] {dag.py:3947} INFO - Setting next_dagrun for pipeline_monitor to 2026-04-05 11:00:00+00:00, run_after=2026-04-05 11:15:00+00:00
[2026-04-05T11:24:04.576+0000] {processor.py:183} INFO - Processing /opt/airflow/dags/dag_pipeline_monitor.py took 0.621 seconds
[2026-04-05T11:24:34.952+0000] {processor.py:161} INFO - Started process (PID=86) to work on /opt/airflow/dags/dag_pipeline_monitor.py
[2026-04-05T11:24:34.954+0000] {processor.py:830} INFO - Processing file /opt/airflow/dags/dag_pipeline_monitor.py for tasks to queue
[2026-04-05T11:24:34.960+0000] {logging_mixin.py:188} INFO - [2026-04-05T11:24:34.960+0000] {dagbag.py:545} INFO - Filling up the DagBag from /opt/airflow/dags/dag_pipeline_monitor.py
[2026-04-05T11:24:35.040+0000] {processor.py:840} INFO - DAG(s) 'pipeline_monitor' retrieved from /opt/airflow/dags/dag_pipeline_monitor.py
[2026-04-05T11:24:35.182+0000] {logging_mixin.py:188} INFO - [2026-04-05T11:24:35.182+0000] {dag.py:3089} INFO - Sync 1 DAGs
[2026-04-05T11:24:35.244+0000] {logging_mixin.py:188} INFO - [2026-04-05T11:24:35.243+0000] {dag.py:3947} INFO - Setting next_dagrun for pipeline_monitor to 2026-04-05 11:00:00+00:00, run_after=2026-04-05 11:15:00+00:00
[2026-04-05T11:24:35.298+0000] {processor.py:183} INFO - Processing /opt/airflow/dags/dag_pipeline_monitor.py took 0.392 seconds
[2026-04-05T11:25:05.792+0000] {processor.py:161} INFO - Started process (PID=89) to work on /opt/airflow/dags/dag_pipeline_monitor.py
[2026-04-05T11:25:05.793+0000] {processor.py:830} INFO - Processing file /opt/airflow/dags/dag_pipeline_monitor.py for tasks to queue
[2026-04-05T11:25:05.796+0000] {logging_mixin.py:188} INFO - [2026-04-05T11:25:05.796+0000] {dagbag.py:545} INFO - Filling up the DagBag from /opt/airflow/dags/dag_pipeline_monitor.py
[2026-04-05T11:25:05.841+0000] {processor.py:840} INFO - DAG(s) 'pipeline_monitor' retrieved from /opt/airflow/dags/dag_pipeline_monitor.py
[2026-04-05T11:25:05.925+0000] {logging_mixin.py:188} INFO - [2026-04-05T11:25:05.925+0000] {dag.py:3089} INFO - Sync 1 DAGs
[2026-04-05T11:25:05.999+0000] {logging_mixin.py:188} INFO - [2026-04-05T11:25:05.999+0000] {dag.py:3947} INFO - Setting next_dagrun for pipeline_monitor to 2026-04-05 11:00:00+00:00, run_after=2026-04-05 11:15:00+00:00
[2026-04-05T11:25:06.046+0000] {processor.py:183} INFO - Processing /opt/airflow/dags/dag_pipeline_monitor.py took 0.266 seconds
[2026-04-05T11:25:36.463+0000] {processor.py:161} INFO - Started process (PID=92) to work on /opt/airflow/dags/dag_pipeline_monitor.py
[2026-04-05T11:25:36.473+0000] {processor.py:830} INFO - Processing file /opt/airflow/dags/dag_pipeline_monitor.py for tasks to queue
[2026-04-05T11:25:36.479+0000] {logging_mixin.py:188} INFO - [2026-04-05T11:25:36.478+0000] {dagbag.py:545} INFO - Filling up the DagBag from /opt/airflow/dags/dag_pipeline_monitor.py
[2026-04-05T11:25:36.568+0000] {processor.py:840} INFO - DAG(s) 'pipeline_monitor' retrieved from /opt/airflow/dags/dag_pipeline_monitor.py
[2026-04-05T11:25:36.840+0000] {logging_mixin.py:188} INFO - [2026-04-05T11:25:36.839+0000] {dag.py:3089} INFO - Sync 1 DAGs
[2026-04-05T11:25:36.957+0000] {logging_mixin.py:188} INFO - [2026-04-05T11:25:36.952+0000] {dag.py:3947} INFO - Setting next_dagrun for pipeline_monitor to 2026-04-05 11:00:00+00:00, run_after=2026-04-05 11:15:00+00:00
[2026-04-05T11:25:37.068+0000] {processor.py:183} INFO - Processing /opt/airflow/dags/dag_pipeline_monitor.py took 0.627 seconds
[2026-04-05T11:26:07.545+0000] {processor.py:161} INFO - Started process (PID=95) to work on /opt/airflow/dags/dag_pipeline_monitor.py
[2026-04-05T11:26:07.547+0000] {processor.py:830} INFO - Processing file /opt/airflow/dags/dag_pipeline_monitor.py for tasks to queue
[2026-04-05T11:26:07.551+0000] {logging_mixin.py:188} INFO - [2026-04-05T11:26:07.550+0000] {dagbag.py:545} INFO - Filling up the DagBag from /opt/airflow/dags/dag_pipeline_monitor.py
[2026-04-05T11:26:07.629+0000] {processor.py:840} INFO - DAG(s) 'pipeline_monitor' retrieved from /opt/airflow/dags/dag_pipeline_monitor.py
[2026-04-05T11:26:07.735+0000] {logging_mixin.py:188} INFO - [2026-04-05T11:26:07.734+0000] {dag.py:3089} INFO - Sync 1 DAGs
[2026-04-05T11:26:07.816+0000] {logging_mixin.py:188} INFO - [2026-04-05T11:26:07.816+0000] {dag.py:3947} INFO - Setting next_dagrun for pipeline_monitor to 2026-04-05 11:00:00+00:00, run_after=2026-04-05 11:15:00+00:00
[2026-04-05T11:26:07.868+0000] {processor.py:183} INFO - Processing /opt/airflow/dags/dag_pipeline_monitor.py took 0.350 seconds
[2026-04-05T11:26:38.110+0000] {processor.py:161} INFO - Started process (PID=98) to work on /opt/airflow/dags/dag_pipeline_monitor.py
[2026-04-05T11:26:38.113+0000] {processor.py:830} INFO - Processing file /opt/airflow/dags/dag_pipeline_monitor.py for tasks to queue
[2026-04-05T11:26:38.120+0000] {logging_mixin.py:188} INFO - [2026-04-05T11:26:38.119+0000] {dagbag.py:545} INFO - Filling up the DagBag from /opt/airflow/dags/dag_pipeline_monitor.py
[2026-04-05T11:26:38.198+0000] {processor.py:840} INFO - DAG(s) 'pipeline_monitor' retrieved from /opt/airflow/dags/dag_pipeline_monitor.py
[2026-04-05T11:26:38.301+0000] {logging_mixin.py:188} INFO - [2026-04-05T11:26:38.300+0000] {dag.py:3089} INFO - Sync 1 DAGs
[2026-04-05T11:26:38.386+0000] {logging_mixin.py:188} INFO - [2026-04-05T11:26:38.384+0000] {dag.py:3947} INFO - Setting next_dagrun for pipeline_monitor to 2026-04-05 11:00:00+00:00, run_after=2026-04-05 11:15:00+00:00
[2026-04-05T11:26:38.458+0000] {processor.py:183} INFO - Processing /opt/airflow/dags/dag_pipeline_monitor.py took 0.375 seconds
[2026-04-05T11:30:13.148+0000] {processor.py:161} INFO - Started process (PID=24) to work on /opt/airflow/dags/dag_pipeline_monitor.py
[2026-04-05T11:30:13.150+0000] {processor.py:830} INFO - Processing file /opt/airflow/dags/dag_pipeline_monitor.py for tasks to queue
[2026-04-05T11:30:13.160+0000] {logging_mixin.py:188} INFO - [2026-04-05T11:30:13.159+0000] {dagbag.py:545} INFO - Filling up the DagBag from /opt/airflow/dags/dag_pipeline_monitor.py
[2026-04-05T11:30:13.289+0000] {processor.py:840} INFO - DAG(s) 'pipeline_monitor' retrieved from /opt/airflow/dags/dag_pipeline_monitor.py
[2026-04-05T11:30:13.742+0000] {logging_mixin.py:188} INFO - [2026-04-05T11:30:13.742+0000] {dag.py:3089} INFO - Sync 1 DAGs
[2026-04-05T11:30:13.855+0000] {logging_mixin.py:188} INFO - [2026-04-05T11:30:13.854+0000] {dag.py:3947} INFO - Setting next_dagrun for pipeline_monitor to 2026-04-05 11:15:00+00:00, run_after=2026-04-05 11:30:00+00:00
[2026-04-05T11:30:13.978+0000] {processor.py:183} INFO - Processing /opt/airflow/dags/dag_pipeline_monitor.py took 0.893 seconds
[2026-04-05T11:30:45.008+0000] {processor.py:161} INFO - Started process (PID=28) to work on /opt/airflow/dags/dag_pipeline_monitor.py
[2026-04-05T11:30:45.010+0000] {processor.py:830} INFO - Processing file /opt/airflow/dags/dag_pipeline_monitor.py for tasks to queue
[2026-04-05T11:30:45.020+0000] {logging_mixin.py:188} INFO - [2026-04-05T11:30:45.019+0000] {dagbag.py:545} INFO - Filling up the DagBag from /opt/airflow/dags/dag_pipeline_monitor.py
[2026-04-05T11:30:45.114+0000] {processor.py:840} INFO - DAG(s) 'pipeline_monitor' retrieved from /opt/airflow/dags/dag_pipeline_monitor.py
[2026-04-05T11:30:45.298+0000] {logging_mixin.py:188} INFO - [2026-04-05T11:30:45.297+0000] {dag.py:3089} INFO - Sync 1 DAGs
[2026-04-05T11:30:45.423+0000] {logging_mixin.py:188} INFO - [2026-04-05T11:30:45.423+0000] {dag.py:3947} INFO - Setting next_dagrun for pipeline_monitor to 2026-04-05 11:15:00+00:00, run_after=2026-04-05 11:30:00+00:00
[2026-04-05T11:30:45.527+0000] {processor.py:183} INFO - Processing /opt/airflow/dags/dag_pipeline_monitor.py took 0.552 seconds
[2026-04-05T11:31:17.992+0000] {processor.py:161} INFO - Started process (PID=32) to work on /opt/airflow/dags/dag_pipeline_monitor.py
[2026-04-05T11:31:18.005+0000] {processor.py:830} INFO - Processing file /opt/airflow/dags/dag_pipeline_monitor.py for tasks to queue
[2026-04-05T11:31:18.009+0000] {logging_mixin.py:188} INFO - [2026-04-05T11:31:18.008+0000] {dagbag.py:545} INFO - Filling up the DagBag from /opt/airflow/dags/dag_pipeline_monitor.py
[2026-04-05T11:31:18.234+0000] {processor.py:840} INFO - DAG(s) 'pipeline_monitor' retrieved from /opt/airflow/dags/dag_pipeline_monitor.py
[2026-04-05T11:31:19.058+0000] {logging_mixin.py:188} INFO - [2026-04-05T11:31:19.058+0000] {dag.py:3089} INFO - Sync 1 DAGs
[2026-04-05T11:31:19.236+0000] {logging_mixin.py:188} INFO - [2026-04-05T11:31:19.236+0000] {dag.py:3947} INFO - Setting next_dagrun for pipeline_monitor to 2026-04-05 11:15:00+00:00, run_after=2026-04-05 11:30:00+00:00
[2026-04-05T11:31:19.551+0000] {processor.py:183} INFO - Processing /opt/airflow/dags/dag_pipeline_monitor.py took 1.611 seconds
[2026-04-05T11:31:52.055+0000] {processor.py:161} INFO - Started process (PID=36) to work on /opt/airflow/dags/dag_pipeline_monitor.py
[2026-04-05T11:31:52.111+0000] {processor.py:830} INFO - Processing file /opt/airflow/dags/dag_pipeline_monitor.py for tasks to queue
[2026-04-05T11:31:52.138+0000] {logging_mixin.py:188} INFO - [2026-04-05T11:31:52.137+0000] {dagbag.py:545} INFO - Filling up the DagBag from /opt/airflow/dags/dag_pipeline_monitor.py
[2026-04-05T11:31:52.335+0000] {processor.py:840} INFO - DAG(s) 'pipeline_monitor' retrieved from /opt/airflow/dags/dag_pipeline_monitor.py
[2026-04-05T11:31:52.624+0000] {logging_mixin.py:188} INFO - [2026-04-05T11:31:52.624+0000] {dag.py:3089} INFO - Sync 1 DAGs
[2026-04-05T11:31:52.886+0000] {logging_mixin.py:188} INFO - [2026-04-05T11:31:52.886+0000] {dag.py:3947} INFO - Setting next_dagrun for pipeline_monitor to 2026-04-05 11:15:00+00:00, run_after=2026-04-05 11:30:00+00:00
[2026-04-05T11:31:53.122+0000] {processor.py:183} INFO - Processing /opt/airflow/dags/dag_pipeline_monitor.py took 1.345 seconds
[2026-04-05T11:32:23.597+0000] {processor.py:161} INFO - Started process (PID=40) to work on /opt/airflow/dags/dag_pipeline_monitor.py
[2026-04-05T11:32:23.603+0000] {processor.py:830} INFO - Processing file /opt/airflow/dags/dag_pipeline_monitor.py for tasks to queue
[2026-04-05T11:32:23.612+0000] {logging_mixin.py:188} INFO - [2026-04-05T11:32:23.608+0000] {dagbag.py:545} INFO - Filling up the DagBag from /opt/airflow/dags/dag_pipeline_monitor.py
[2026-04-05T11:32:23.734+0000] {processor.py:840} INFO - DAG(s) 'pipeline_monitor' retrieved from /opt/airflow/dags/dag_pipeline_monitor.py
[2026-04-05T11:32:24.033+0000] {logging_mixin.py:188} INFO - [2026-04-05T11:32:24.032+0000] {dag.py:3089} INFO - Sync 1 DAGs
[2026-04-05T11:32:24.173+0000] {logging_mixin.py:188} INFO - [2026-04-05T11:32:24.173+0000] {dag.py:3947} INFO - Setting next_dagrun for pipeline_monitor to 2026-04-05 11:15:00+00:00, run_after=2026-04-05 11:30:00+00:00
[2026-04-05T11:32:24.344+0000] {processor.py:183} INFO - Processing /opt/airflow/dags/dag_pipeline_monitor.py took 0.794 seconds
[2026-04-05T11:32:55.557+0000] {processor.py:161} INFO - Started process (PID=44) to work on /opt/airflow/dags/dag_pipeline_monitor.py
[2026-04-05T11:32:55.561+0000] {processor.py:830} INFO - Processing file /opt/airflow/dags/dag_pipeline_monitor.py for tasks to queue
[2026-04-05T11:32:55.570+0000] {logging_mixin.py:188} INFO - [2026-04-05T11:32:55.569+0000] {dagbag.py:545} INFO - Filling up the DagBag from /opt/airflow/dags/dag_pipeline_monitor.py
[2026-04-05T11:32:55.640+0000] {processor.py:840} INFO - DAG(s) 'pipeline_monitor' retrieved from /opt/airflow/dags/dag_pipeline_monitor.py
[2026-04-05T11:32:55.794+0000] {logging_mixin.py:188} INFO - [2026-04-05T11:32:55.794+0000] {dag.py:3089} INFO - Sync 1 DAGs
[2026-04-05T11:32:55.904+0000] {logging_mixin.py:188} INFO - [2026-04-05T11:32:55.903+0000] {dag.py:3947} INFO - Setting next_dagrun for pipeline_monitor to 2026-04-05 11:15:00+00:00, run_after=2026-04-05 11:30:00+00:00
[2026-04-05T11:32:56.087+0000] {processor.py:183} INFO - Processing /opt/airflow/dags/dag_pipeline_monitor.py took 0.548 seconds
[2026-04-05T11:33:26.342+0000] {processor.py:161} INFO - Started process (PID=48) to work on /opt/airflow/dags/dag_pipeline_monitor.py
[2026-04-05T11:33:26.345+0000] {processor.py:830} INFO - Processing file /opt/airflow/dags/dag_pipeline_monitor.py for tasks to queue
[2026-04-05T11:33:26.350+0000] {logging_mixin.py:188} INFO - [2026-04-05T11:33:26.349+0000] {dagbag.py:545} INFO - Filling up the DagBag from /opt/airflow/dags/dag_pipeline_monitor.py
[2026-04-05T11:33:26.398+0000] {processor.py:840} INFO - DAG(s) 'pipeline_monitor' retrieved from /opt/airflow/dags/dag_pipeline_monitor.py
[2026-04-05T11:33:26.551+0000] {logging_mixin.py:188} INFO - [2026-04-05T11:33:26.551+0000] {dag.py:3089} INFO - Sync 1 DAGs
[2026-04-05T11:33:26.654+0000] {logging_mixin.py:188} INFO - [2026-04-05T11:33:26.654+0000] {dag.py:3947} INFO - Setting next_dagrun for pipeline_monitor to 2026-04-05 11:15:00+00:00, run_after=2026-04-05 11:30:00+00:00
[2026-04-05T11:33:27.266+0000] {processor.py:183} INFO - Processing /opt/airflow/dags/dag_pipeline_monitor.py took 0.936 seconds
[2026-04-05T11:33:57.454+0000] {processor.py:161} INFO - Started process (PID=52) to work on /opt/airflow/dags/dag_pipeline_monitor.py
[2026-04-05T11:33:57.457+0000] {processor.py:830} INFO - Processing file /opt/airflow/dags/dag_pipeline_monitor.py for tasks to queue
[2026-04-05T11:33:57.461+0000] {logging_mixin.py:188} INFO - [2026-04-05T11:33:57.461+0000] {dagbag.py:545} INFO - Filling up the DagBag from /opt/airflow/dags/dag_pipeline_monitor.py
[2026-04-05T11:33:57.512+0000] {processor.py:840} INFO - DAG(s) 'pipeline_monitor' retrieved from /opt/airflow/dags/dag_pipeline_monitor.py
[2026-04-05T11:33:57.581+0000] {logging_mixin.py:188} INFO - [2026-04-05T11:33:57.580+0000] {dag.py:3089} INFO - Sync 1 DAGs
[2026-04-05T11:33:57.643+0000] {logging_mixin.py:188} INFO - [2026-04-05T11:33:57.642+0000] {dag.py:3947} INFO - Setting next_dagrun for pipeline_monitor to 2026-04-05 11:15:00+00:00, run_after=2026-04-05 11:30:00+00:00
[2026-04-05T11:33:57.761+0000] {processor.py:183} INFO - Processing /opt/airflow/dags/dag_pipeline_monitor.py took 0.321 seconds
[2026-04-05T11:34:28.557+0000] {processor.py:161} INFO - Started process (PID=56) to work on /opt/airflow/dags/dag_pipeline_monitor.py
[2026-04-05T11:34:28.561+0000] {processor.py:830} INFO - Processing file /opt/airflow/dags/dag_pipeline_monitor.py for tasks to queue
[2026-04-05T11:34:28.570+0000] {logging_mixin.py:188} INFO - [2026-04-05T11:34:28.569+0000] {dagbag.py:545} INFO - Filling up the DagBag from /opt/airflow/dags/dag_pipeline_monitor.py
[2026-04-05T11:34:28.648+0000] {processor.py:840} INFO - DAG(s) 'pipeline_monitor' retrieved from /opt/airflow/dags/dag_pipeline_monitor.py
[2026-04-05T11:34:28.792+0000] {logging_mixin.py:188} INFO - [2026-04-05T11:34:28.791+0000] {dag.py:3089} INFO - Sync 1 DAGs
[2026-04-05T11:34:28.940+0000] {logging_mixin.py:188} INFO - [2026-04-05T11:34:28.939+0000] {dag.py:3947} INFO - Setting next_dagrun for pipeline_monitor to 2026-04-05 11:15:00+00:00, run_after=2026-04-05 11:30:00+00:00
[2026-04-05T11:34:29.121+0000] {processor.py:183} INFO - Processing /opt/airflow/dags/dag_pipeline_monitor.py took 0.587 seconds
[2026-04-05T11:34:59.266+0000] {processor.py:161} INFO - Started process (PID=60) to work on /opt/airflow/dags/dag_pipeline_monitor.py
[2026-04-05T11:34:59.267+0000] {processor.py:830} INFO - Processing file /opt/airflow/dags/dag_pipeline_monitor.py for tasks to queue
[2026-04-05T11:34:59.272+0000] {logging_mixin.py:188} INFO - [2026-04-05T11:34:59.271+0000] {dagbag.py:545} INFO - Filling up the DagBag from /opt/airflow/dags/dag_pipeline_monitor.py
[2026-04-05T11:34:59.327+0000] {processor.py:840} INFO - DAG(s) 'pipeline_monitor' retrieved from /opt/airflow/dags/dag_pipeline_monitor.py
[2026-04-05T11:34:59.422+0000] {logging_mixin.py:188} INFO - [2026-04-05T11:34:59.421+0000] {dag.py:3089} INFO - Sync 1 DAGs
[2026-04-05T11:34:59.485+0000] {logging_mixin.py:188} INFO - [2026-04-05T11:34:59.484+0000] {dag.py:3947} INFO - Setting next_dagrun for pipeline_monitor to 2026-04-05 11:15:00+00:00, run_after=2026-04-05 11:30:00+00:00
[2026-04-05T11:34:59.540+0000] {processor.py:183} INFO - Processing /opt/airflow/dags/dag_pipeline_monitor.py took 0.288 seconds
[2026-04-05T11:35:29.841+0000] {processor.py:161} INFO - Started process (PID=64) to work on /opt/airflow/dags/dag_pipeline_monitor.py
[2026-04-05T11:35:29.853+0000] {processor.py:830} INFO - Processing file /opt/airflow/dags/dag_pipeline_monitor.py for tasks to queue
[2026-04-05T11:35:29.864+0000] {logging_mixin.py:188} INFO - [2026-04-05T11:35:29.860+0000] {dagbag.py:545} INFO - Filling up the DagBag from /opt/airflow/dags/dag_pipeline_monitor.py
[2026-04-05T11:35:29.945+0000] {processor.py:840} INFO - DAG(s) 'pipeline_monitor' retrieved from /opt/airflow/dags/dag_pipeline_monitor.py
[2026-04-05T11:35:30.178+0000] {logging_mixin.py:188} INFO - [2026-04-05T11:35:30.178+0000] {dag.py:3089} INFO - Sync 1 DAGs
[2026-04-05T11:35:30.303+0000] {logging_mixin.py:188} INFO - [2026-04-05T11:35:30.299+0000] {dag.py:3947} INFO - Setting next_dagrun for pipeline_monitor to 2026-04-05 11:15:00+00:00, run_after=2026-04-05 11:30:00+00:00
[2026-04-05T11:35:30.416+0000] {processor.py:183} INFO - Processing /opt/airflow/dags/dag_pipeline_monitor.py took 0.615 seconds
[2026-04-05T11:36:01.402+0000] {processor.py:161} INFO - Started process (PID=68) to work on /opt/airflow/dags/dag_pipeline_monitor.py
[2026-04-05T11:36:01.406+0000] {processor.py:830} INFO - Processing file /opt/airflow/dags/dag_pipeline_monitor.py for tasks to queue
[2026-04-05T11:36:01.413+0000] {logging_mixin.py:188} INFO - [2026-04-05T11:36:01.412+0000] {dagbag.py:545} INFO - Filling up the DagBag from /opt/airflow/dags/dag_pipeline_monitor.py
[2026-04-05T11:36:01.579+0000] {processor.py:840} INFO - DAG(s) 'pipeline_monitor' retrieved from /opt/airflow/dags/dag_pipeline_monitor.py
[2026-04-05T11:36:01.763+0000] {logging_mixin.py:188} INFO - [2026-04-05T11:36:01.762+0000] {dag.py:3089} INFO - Sync 1 DAGs
[2026-04-05T11:36:01.873+0000] {logging_mixin.py:188} INFO - [2026-04-05T11:36:01.873+0000] {dag.py:3947} INFO - Setting next_dagrun for pipeline_monitor to 2026-04-05 11:15:00+00:00, run_after=2026-04-05 11:30:00+00:00
[2026-04-05T11:36:02.158+0000] {processor.py:183} INFO - Processing /opt/airflow/dags/dag_pipeline_monitor.py took 0.783 seconds
[2026-04-05T11:36:32.466+0000] {processor.py:161} INFO - Started process (PID=72) to work on /opt/airflow/dags/dag_pipeline_monitor.py
[2026-04-05T11:36:32.470+0000] {processor.py:830} INFO - Processing file /opt/airflow/dags/dag_pipeline_monitor.py for tasks to queue
[2026-04-05T11:36:32.474+0000] {logging_mixin.py:188} INFO - [2026-04-05T11:36:32.474+0000] {dagbag.py:545} INFO - Filling up the DagBag from /opt/airflow/dags/dag_pipeline_monitor.py
[2026-04-05T11:36:32.685+0000] {processor.py:840} INFO - DAG(s) 'pipeline_monitor' retrieved from /opt/airflow/dags/dag_pipeline_monitor.py
[2026-04-05T11:36:32.932+0000] {logging_mixin.py:188} INFO - [2026-04-05T11:36:32.926+0000] {dag.py:3089} INFO - Sync 1 DAGs
[2026-04-05T11:36:33.029+0000] {logging_mixin.py:188} INFO - [2026-04-05T11:36:33.029+0000] {dag.py:3947} INFO - Setting next_dagrun for pipeline_monitor to 2026-04-05 11:15:00+00:00, run_after=2026-04-05 11:30:00+00:00
[2026-04-05T11:36:33.160+0000] {processor.py:183} INFO - Processing /opt/airflow/dags/dag_pipeline_monitor.py took 0.714 seconds
[2026-04-05T11:37:03.589+0000] {processor.py:161} INFO - Started process (PID=76) to work on /opt/airflow/dags/dag_pipeline_monitor.py
[2026-04-05T11:37:03.591+0000] {processor.py:830} INFO - Processing file /opt/airflow/dags/dag_pipeline_monitor.py for tasks to queue
[2026-04-05T11:37:03.601+0000] {logging_mixin.py:188} INFO - [2026-04-05T11:37:03.601+0000] {dagbag.py:545} INFO - Filling up the DagBag from /opt/airflow/dags/dag_pipeline_monitor.py
[2026-04-05T11:37:03.724+0000] {processor.py:840} INFO - DAG(s) 'pipeline_monitor' retrieved from /opt/airflow/dags/dag_pipeline_monitor.py
[2026-04-05T11:37:03.954+0000] {logging_mixin.py:188} INFO - [2026-04-05T11:37:03.954+0000] {dag.py:3089} INFO - Sync 1 DAGs
[2026-04-05T11:37:04.125+0000] {logging_mixin.py:188} INFO - [2026-04-05T11:37:04.118+0000] {dag.py:3947} INFO - Setting next_dagrun for pipeline_monitor to 2026-04-05 11:15:00+00:00, run_after=2026-04-05 11:30:00+00:00
[2026-04-05T11:37:04.242+0000] {processor.py:183} INFO - Processing /opt/airflow/dags/dag_pipeline_monitor.py took 0.669 seconds
[2026-04-05T11:37:34.656+0000] {processor.py:161} INFO - Started process (PID=80) to work on /opt/airflow/dags/dag_pipeline_monitor.py
[2026-04-05T11:37:34.658+0000] {processor.py:830} INFO - Processing file /opt/airflow/dags/dag_pipeline_monitor.py for tasks to queue
[2026-04-05T11:37:34.661+0000] {logging_mixin.py:188} INFO - [2026-04-05T11:37:34.660+0000] {dagbag.py:545} INFO - Filling up the DagBag from /opt/airflow/dags/dag_pipeline_monitor.py
[2026-04-05T11:37:34.704+0000] {processor.py:840} INFO - DAG(s) 'pipeline_monitor' retrieved from /opt/airflow/dags/dag_pipeline_monitor.py
[2026-04-05T11:37:34.800+0000] {logging_mixin.py:188} INFO - [2026-04-05T11:37:34.799+0000] {dag.py:3089} INFO - Sync 1 DAGs
[2026-04-05T11:37:34.891+0000] {logging_mixin.py:188} INFO - [2026-04-05T11:37:34.890+0000] {dag.py:3947} INFO - Setting next_dagrun for pipeline_monitor to 2026-04-05 11:15:00+00:00, run_after=2026-04-05 11:30:00+00:00
[2026-04-05T11:37:34.943+0000] {processor.py:183} INFO - Processing /opt/airflow/dags/dag_pipeline_monitor.py took 0.299 seconds
[2026-04-05T11:38:05.770+0000] {processor.py:161} INFO - Started process (PID=84) to work on /opt/airflow/dags/dag_pipeline_monitor.py
[2026-04-05T11:38:05.773+0000] {processor.py:830} INFO - Processing file /opt/airflow/dags/dag_pipeline_monitor.py for tasks to queue
[2026-04-05T11:38:05.778+0000] {logging_mixin.py:188} INFO - [2026-04-05T11:38:05.777+0000] {dagbag.py:545} INFO - Filling up the DagBag from /opt/airflow/dags/dag_pipeline_monitor.py
[2026-04-05T11:38:05.821+0000] {processor.py:840} INFO - DAG(s) 'pipeline_monitor' retrieved from /opt/airflow/dags/dag_pipeline_monitor.py
[2026-04-05T11:38:05.890+0000] {logging_mixin.py:188} INFO - [2026-04-05T11:38:05.890+0000] {dag.py:3089} INFO - Sync 1 DAGs
[2026-04-05T11:38:05.943+0000] {logging_mixin.py:188} INFO - [2026-04-05T11:38:05.943+0000] {dag.py:3947} INFO - Setting next_dagrun for pipeline_monitor to 2026-04-05 11:15:00+00:00, run_after=2026-04-05 11:30:00+00:00
[2026-04-05T11:38:05.987+0000] {processor.py:183} INFO - Processing /opt/airflow/dags/dag_pipeline_monitor.py took 0.231 seconds
[2026-04-05T11:38:36.680+0000] {processor.py:161} INFO - Started process (PID=88) to work on /opt/airflow/dags/dag_pipeline_monitor.py
[2026-04-05T11:38:36.684+0000] {processor.py:830} INFO - Processing file /opt/airflow/dags/dag_pipeline_monitor.py for tasks to queue
[2026-04-05T11:38:36.695+0000] {logging_mixin.py:188} INFO - [2026-04-05T11:38:36.694+0000] {dagbag.py:545} INFO - Filling up the DagBag from /opt/airflow/dags/dag_pipeline_monitor.py
[2026-04-05T11:38:36.747+0000] {processor.py:840} INFO - DAG(s) 'pipeline_monitor' retrieved from /opt/airflow/dags/dag_pipeline_monitor.py
[2026-04-05T11:38:36.838+0000] {logging_mixin.py:188} INFO - [2026-04-05T11:38:36.838+0000] {dag.py:3089} INFO - Sync 1 DAGs
[2026-04-05T11:38:36.903+0000] {logging_mixin.py:188} INFO - [2026-04-05T11:38:36.902+0000] {dag.py:3947} INFO - Setting next_dagrun for pipeline_monitor to 2026-04-05 11:15:00+00:00, run_after=2026-04-05 11:30:00+00:00
[2026-04-05T11:38:36.963+0000] {processor.py:183} INFO - Processing /opt/airflow/dags/dag_pipeline_monitor.py took 0.298 seconds
