[2026-03-18T23:37:18.793+0000] {manager.py:470} INFO - Processing files using up to 2 processes at a time 
[2026-03-18T23:37:18.796+0000] {manager.py:471} INFO - Process each file at most once every 30 seconds
[2026-03-18T23:37:18.799+0000] {manager.py:472} INFO - Checking for new files in /opt/airflow/dags every 300 seconds
[2026-03-18T23:37:18.804+0000] {manager.py:737} INFO - Searching for files in /opt/airflow/dags
[2026-03-18T23:37:18.825+0000] {manager.py:740} INFO - There are 0 files in /opt/airflow/dags
[2026-03-18T23:42:19.763+0000] {manager.py:737} INFO - Searching for files in /opt/airflow/dags
[2026-03-18T23:42:19.771+0000] {manager.py:740} INFO - There are 0 files in /opt/airflow/dags
[2026-03-18T23:47:19.773+0000] {manager.py:737} INFO - Searching for files in /opt/airflow/dags
[2026-03-18T23:47:19.794+0000] {manager.py:740} INFO - There are 0 files in /opt/airflow/dags
[2026-03-18T23:52:19.780+0000] {manager.py:737} INFO - Searching for files in /opt/airflow/dags
[2026-03-18T23:52:19.787+0000] {manager.py:740} INFO - There are 0 files in /opt/airflow/dags
[2026-03-18T23:57:20.650+0000] {manager.py:737} INFO - Searching for files in /opt/airflow/dags
[2026-03-18T23:57:20.658+0000] {manager.py:740} INFO - There are 0 files in /opt/airflow/dags
[2026-03-19T00:02:20.669+0000] {manager.py:737} INFO - Searching for files in /opt/airflow/dags
[2026-03-19T00:02:20.674+0000] {manager.py:740} INFO - There are 0 files in /opt/airflow/dags
[2026-03-19T00:04:40.994+0000] {manager.py:452} INFO - Exiting gracefully upon receiving signal 15
[2026-04-05T10:02:20.759+0000] {manager.py:470} INFO - Processing files using up to 2 processes at a time 
[2026-04-05T10:02:20.762+0000] {manager.py:471} INFO - Process each file at most once every 30 seconds
[2026-04-05T10:02:20.771+0000] {manager.py:472} INFO - Checking for new files in /opt/airflow/dags every 300 seconds
[2026-04-05T10:02:20.776+0000] {manager.py:737} INFO - Searching for files in /opt/airflow/dags
[2026-04-05T10:02:20.796+0000] {manager.py:740} INFO - There are 0 files in /opt/airflow/dags
[2026-04-05T10:07:21.249+0000] {manager.py:737} INFO - Searching for files in /opt/airflow/dags
[2026-04-05T10:07:21.256+0000] {manager.py:740} INFO - There are 0 files in /opt/airflow/dags
[2026-04-05T10:09:08.094+0000] {manager.py:452} INFO - Exiting gracefully upon receiving signal 15
[2026-04-05T10:13:08.276+0000] {manager.py:470} INFO - Processing files using up to 2 processes at a time 
[2026-04-05T10:13:08.280+0000] {manager.py:471} INFO - Process each file at most once every 30 seconds
[2026-04-05T10:13:08.283+0000] {manager.py:472} INFO - Checking for new files in /opt/airflow/dags every 300 seconds
[2026-04-05T10:13:08.285+0000] {manager.py:737} INFO - Searching for files in /opt/airflow/dags
[2026-04-05T10:13:08.295+0000] {manager.py:740} INFO - There are 0 files in /opt/airflow/dags
[2026-04-05T10:18:08.908+0000] {manager.py:737} INFO - Searching for files in /opt/airflow/dags
[2026-04-05T10:18:08.914+0000] {manager.py:740} INFO - There are 0 files in /opt/airflow/dags
[2026-04-05T10:23:09.283+0000] {manager.py:737} INFO - Searching for files in /opt/airflow/dags
[2026-04-05T10:23:09.309+0000] {manager.py:740} INFO - There are 0 files in /opt/airflow/dags
[2026-04-05T10:24:17.940+0000] {manager.py:452} INFO - Exiting gracefully upon receiving signal 15
[2026-04-05T10:24:46.690+0000] {manager.py:470} INFO - Processing files using up to 2 processes at a time 
[2026-04-05T10:24:46.695+0000] {manager.py:471} INFO - Process each file at most once every 30 seconds
[2026-04-05T10:24:46.697+0000] {manager.py:472} INFO - Checking for new files in /opt/airflow/dags every 300 seconds
[2026-04-05T10:24:46.700+0000] {manager.py:737} INFO - Searching for files in /opt/airflow/dags
[2026-04-05T10:24:46.706+0000] {manager.py:740} INFO - There are 0 files in /opt/airflow/dags
[2026-04-05T10:25:59.844+0000] {manager.py:452} INFO - Exiting gracefully upon receiving signal 15
[2026-04-05T10:29:01.821+0000] {manager.py:470} INFO - Processing files using up to 2 processes at a time 
[2026-04-05T10:29:01.823+0000] {manager.py:471} INFO - Process each file at most once every 30 seconds
[2026-04-05T10:29:01.828+0000] {manager.py:472} INFO - Checking for new files in /opt/airflow/dags every 300 seconds
[2026-04-05T10:29:01.835+0000] {manager.py:737} INFO - Searching for files in /opt/airflow/dags
[2026-04-05T10:29:01.842+0000] {manager.py:740} INFO - There are 0 files in /opt/airflow/dags
[2026-04-05T10:34:02.327+0000] {manager.py:737} INFO - Searching for files in /opt/airflow/dags
[2026-04-05T10:34:02.343+0000] {manager.py:740} INFO - There are 0 files in /opt/airflow/dags
[2026-04-05T10:39:02.451+0000] {manager.py:737} INFO - Searching for files in /opt/airflow/dags
[2026-04-05T10:39:02.468+0000] {manager.py:740} INFO - There are 0 files in /opt/airflow/dags
[2026-04-05T10:44:03.122+0000] {manager.py:737} INFO - Searching for files in /opt/airflow/dags
[2026-04-05T10:44:03.133+0000] {manager.py:740} INFO - There are 0 files in /opt/airflow/dags
[2026-04-05T10:47:39.192+0000] {manager.py:452} INFO - Exiting gracefully upon receiving signal 15
[2026-04-05T10:54:46.437+0000] {manager.py:470} INFO - Processing files using up to 2 processes at a time 
[2026-04-05T10:54:46.442+0000] {manager.py:471} INFO - Process each file at most once every 30 seconds
[2026-04-05T10:54:46.449+0000] {manager.py:472} INFO - Checking for new files in /opt/airflow/dags every 300 seconds
[2026-04-05T10:54:46.457+0000] {manager.py:737} INFO - Searching for files in /opt/airflow/dags
[2026-04-05T10:54:46.470+0000] {manager.py:740} INFO - There are 0 files in /opt/airflow/dags
[2026-04-05T10:59:46.755+0000] {manager.py:737} INFO - Searching for files in /opt/airflow/dags
[2026-04-05T10:59:46.770+0000] {manager.py:740} INFO - There are 0 files in /opt/airflow/dags
[2026-04-05T11:04:47.125+0000] {manager.py:737} INFO - Searching for files in /opt/airflow/dags
[2026-04-05T11:04:47.135+0000] {manager.py:740} INFO - There are 0 files in /opt/airflow/dags
[2026-04-05T11:09:48.020+0000] {manager.py:737} INFO - Searching for files in /opt/airflow/dags
[2026-04-05T11:09:48.030+0000] {manager.py:740} INFO - There are 0 files in /opt/airflow/dags
[2026-04-05T11:10:55.586+0000] {manager.py:452} INFO - Exiting gracefully upon receiving signal 15
[2026-04-05T11:13:30.863+0000] {manager.py:470} INFO - Processing files using up to 2 processes at a time 
[2026-04-05T11:13:30.870+0000] {manager.py:471} INFO - Process each file at most once every 30 seconds
[2026-04-05T11:13:30.876+0000] {manager.py:472} INFO - Checking for new files in /opt/airflow/dags every 300 seconds
[2026-04-05T11:13:30.886+0000] {manager.py:737} INFO - Searching for files in /opt/airflow/dags
[2026-04-05T11:13:30.960+0000] {manager.py:740} INFO - There are 3 files in /opt/airflow/dags
[2026-04-05T11:13:31.963+0000] {manager.py:878} INFO - 
================================================================================
DAG File Processing Stats

File Path                                      PID  Runtime      # DAGs    # Errors  Last Runtime    Last Run
-------------------------------------------  -----  ---------  --------  ----------  --------------  ----------
/opt/airflow/dags/dag_dbt_daily_marts.py        21  0.69s             0           0
/opt/airflow/dags/dag_dbt_hourly_staging.py     22  0.44s             0           0
/opt/airflow/dags/dag_pipeline_monitor.py                             0           0
================================================================================
[2026-04-05T11:14:02.068+0000] {manager.py:878} INFO - 
================================================================================
DAG File Processing Stats

File Path                                    PID    Runtime      # DAGs    # Errors  Last Runtime    Last Run
-------------------------------------------  -----  ---------  --------  ----------  --------------  -------------------
/opt/airflow/dags/dag_dbt_daily_marts.py                              1           0  2.79s           2026-04-05T11:13:34
/opt/airflow/dags/dag_dbt_hourly_staging.py                           1           0  2.61s           2026-04-05T11:13:34
/opt/airflow/dags/dag_pipeline_monitor.py                             1           0  1.40s           2026-04-05T11:13:35
================================================================================
[2026-04-05T11:14:32.183+0000] {manager.py:878} INFO - 
================================================================================
DAG File Processing Stats

File Path                                    PID    Runtime      # DAGs    # Errors  Last Runtime    Last Run
-------------------------------------------  -----  ---------  --------  ----------  --------------  -------------------
/opt/airflow/dags/dag_pipeline_monitor.py                             1           0  1.02s           2026-04-05T11:14:07
/opt/airflow/dags/dag_dbt_daily_marts.py                              1           0  1.02s           2026-04-05T11:14:05
/opt/airflow/dags/dag_dbt_hourly_staging.py                           1           0  0.87s           2026-04-05T11:14:05
================================================================================
[2026-04-05T11:15:02.240+0000] {manager.py:878} INFO - 
================================================================================
DAG File Processing Stats

File Path                                    PID    Runtime      # DAGs    # Errors  Last Runtime    Last Run
-------------------------------------------  -----  ---------  --------  ----------  --------------  -------------------
/opt/airflow/dags/dag_dbt_daily_marts.py                              1           0  2.13s           2026-04-05T11:14:37
/opt/airflow/dags/dag_pipeline_monitor.py                             1           0  2.00s           2026-04-05T11:14:39
/opt/airflow/dags/dag_dbt_hourly_staging.py                           1           0  1.43s           2026-04-05T11:14:37
================================================================================
[2026-04-05T11:15:32.536+0000] {manager.py:878} INFO - 
================================================================================
DAG File Processing Stats

File Path                                    PID    Runtime      # DAGs    # Errors  Last Runtime    Last Run
-------------------------------------------  -----  ---------  --------  ----------  --------------  -------------------
/opt/airflow/dags/dag_dbt_hourly_staging.py                           1           0  3.78s           2026-04-05T11:15:12
/opt/airflow/dags/dag_dbt_daily_marts.py                              1           0  2.69s           2026-04-05T11:15:10
/opt/airflow/dags/dag_pipeline_monitor.py                             1           0  2.03s           2026-04-05T11:15:12
================================================================================
[2026-04-05T11:16:02.853+0000] {manager.py:878} INFO - 
================================================================================
DAG File Processing Stats

File Path                                    PID    Runtime      # DAGs    # Errors  Last Runtime    Last Run
-------------------------------------------  -----  ---------  --------  ----------  --------------  -------------------
/opt/airflow/dags/dag_dbt_daily_marts.py                              1           0  1.49s           2026-04-05T11:15:42
/opt/airflow/dags/dag_dbt_hourly_staging.py                           1           0  0.86s           2026-04-05T11:15:43
/opt/airflow/dags/dag_pipeline_monitor.py                             1           0  0.60s           2026-04-05T11:15:43
================================================================================
[2026-04-05T11:16:33.878+0000] {manager.py:878} INFO - 
================================================================================
DAG File Processing Stats

File Path                                    PID    Runtime      # DAGs    # Errors  Last Runtime    Last Run
-------------------------------------------  -----  ---------  --------  ----------  --------------  -------------------
/opt/airflow/dags/dag_dbt_hourly_staging.py                           1           0  1.47s           2026-04-05T11:16:14
/opt/airflow/dags/dag_dbt_daily_marts.py                              1           0  1.29s           2026-04-05T11:16:14
/opt/airflow/dags/dag_pipeline_monitor.py                             1           0  0.85s           2026-04-05T11:16:15
================================================================================
[2026-04-05T11:17:04.358+0000] {manager.py:878} INFO - 
================================================================================
DAG File Processing Stats

File Path                                    PID    Runtime      # DAGs    # Errors  Last Runtime    Last Run
-------------------------------------------  -----  ---------  --------  ----------  --------------  -------------------
/opt/airflow/dags/dag_dbt_daily_marts.py                              1           0  2.10s           2026-04-05T11:16:46
/opt/airflow/dags/dag_dbt_hourly_staging.py                           1           0  1.37s           2026-04-05T11:16:46
/opt/airflow/dags/dag_pipeline_monitor.py                             1           0  0.80s           2026-04-05T11:16:47
================================================================================
[2026-04-05T11:17:34.940+0000] {manager.py:878} INFO - 
================================================================================
DAG File Processing Stats

File Path                                    PID    Runtime      # DAGs    # Errors  Last Runtime    Last Run
-------------------------------------------  -----  ---------  --------  ----------  --------------  -------------------
/opt/airflow/dags/dag_pipeline_monitor.py                             1           0  2.06s           2026-04-05T11:17:20
/opt/airflow/dags/dag_dbt_daily_marts.py                              1           0  1.99s           2026-04-05T11:17:18
/opt/airflow/dags/dag_dbt_hourly_staging.py                           1           0  1.59s           2026-04-05T11:17:18
================================================================================
[2026-04-05T11:18:05.143+0000] {manager.py:878} INFO - 
================================================================================
DAG File Processing Stats

File Path                                    PID    Runtime      # DAGs    # Errors  Last Runtime    Last Run
-------------------------------------------  -----  ---------  --------  ----------  --------------  -------------------
/opt/airflow/dags/dag_dbt_daily_marts.py                              1           0  0.72s           2026-04-05T11:17:49
/opt/airflow/dags/dag_dbt_hourly_staging.py                           1           0  0.64s           2026-04-05T11:17:49
/opt/airflow/dags/dag_pipeline_monitor.py                             1           0  0.38s           2026-04-05T11:17:51
================================================================================
[2026-04-05T11:18:31.102+0000] {manager.py:737} INFO - Searching for files in /opt/airflow/dags
[2026-04-05T11:18:31.218+0000] {manager.py:740} INFO - There are 3 files in /opt/airflow/dags
[2026-04-05T11:18:35.309+0000] {manager.py:878} INFO - 
================================================================================
DAG File Processing Stats

File Path                                    PID    Runtime      # DAGs    # Errors  Last Runtime    Last Run
-------------------------------------------  -----  ---------  --------  ----------  --------------  -------------------
/opt/airflow/dags/dag_pipeline_monitor.py                             1           0  0.79s           2026-04-05T11:18:22
/opt/airflow/dags/dag_dbt_hourly_staging.py                           1           0  0.37s           2026-04-05T11:18:20
/opt/airflow/dags/dag_dbt_daily_marts.py                              1           0  0.36s           2026-04-05T11:18:20
================================================================================
[2026-04-05T11:19:05.767+0000] {manager.py:878} INFO - 
================================================================================
DAG File Processing Stats

File Path                                    PID    Runtime      # DAGs    # Errors  Last Runtime    Last Run
-------------------------------------------  -----  ---------  --------  ----------  --------------  -------------------
/opt/airflow/dags/dag_dbt_daily_marts.py                              1           0  0.74s           2026-04-05T11:18:51
/opt/airflow/dags/dag_dbt_hourly_staging.py                           1           0  0.65s           2026-04-05T11:18:51
/opt/airflow/dags/dag_pipeline_monitor.py                             1           0  0.44s           2026-04-05T11:18:53
================================================================================
[2026-04-05T11:19:36.598+0000] {manager.py:878} INFO - 
================================================================================
DAG File Processing Stats

File Path                                    PID    Runtime      # DAGs    # Errors  Last Runtime    Last Run
-------------------------------------------  -----  ---------  --------  ----------  --------------  -------------------
/opt/airflow/dags/dag_dbt_hourly_staging.py                           1           0  1.02s           2026-04-05T11:19:23
/opt/airflow/dags/dag_dbt_daily_marts.py                              1           0  0.98s           2026-04-05T11:19:23
/opt/airflow/dags/dag_pipeline_monitor.py                             1           0  0.93s           2026-04-05T11:19:24
================================================================================
[2026-04-05T11:20:07.241+0000] {manager.py:878} INFO - 
================================================================================
DAG File Processing Stats

File Path                                    PID    Runtime      # DAGs    # Errors  Last Runtime    Last Run
-------------------------------------------  -----  ---------  --------  ----------  --------------  -------------------
/opt/airflow/dags/dag_dbt_daily_marts.py                              1           0  1.99s           2026-04-05T11:19:55
/opt/airflow/dags/dag_dbt_hourly_staging.py                           1           0  1.72s           2026-04-05T11:19:55
/opt/airflow/dags/dag_pipeline_monitor.py                             1           0  0.39s           2026-04-05T11:19:56
================================================================================
[2026-04-05T11:20:37.654+0000] {manager.py:878} INFO - 
================================================================================
DAG File Processing Stats

File Path                                    PID    Runtime      # DAGs    # Errors  Last Runtime    Last Run
-------------------------------------------  -----  ---------  --------  ----------  --------------  -------------------
/opt/airflow/dags/dag_dbt_hourly_staging.py                           1           0  1.09s           2026-04-05T11:20:27
/opt/airflow/dags/dag_pipeline_monitor.py                             1           0  0.93s           2026-04-05T11:20:27
/opt/airflow/dags/dag_dbt_daily_marts.py                              1           0  0.44s           2026-04-05T11:20:26
================================================================================
[2026-04-05T11:21:07.884+0000] {manager.py:878} INFO - 
================================================================================
DAG File Processing Stats

File Path                                    PID    Runtime      # DAGs    # Errors  Last Runtime    Last Run
-------------------------------------------  -----  ---------  --------  ----------  --------------  -------------------
/opt/airflow/dags/dag_dbt_hourly_staging.py                           1           0  0.72s           2026-04-05T11:20:58
/opt/airflow/dags/dag_pipeline_monitor.py                             1           0  0.66s           2026-04-05T11:20:58
/opt/airflow/dags/dag_dbt_daily_marts.py                              1           0  0.61s           2026-04-05T11:20:57
================================================================================
[2026-04-05T11:21:38.690+0000] {manager.py:878} INFO - 
================================================================================
DAG File Processing Stats

File Path                                    PID    Runtime      # DAGs    # Errors  Last Runtime    Last Run
-------------------------------------------  -----  ---------  --------  ----------  --------------  -------------------
/opt/airflow/dags/dag_dbt_hourly_staging.py                           1           0  0.70s           2026-04-05T11:21:29
/opt/airflow/dags/dag_pipeline_monitor.py                             1           0  0.63s           2026-04-05T11:21:29
/opt/airflow/dags/dag_dbt_daily_marts.py                              1           0  0.28s           2026-04-05T11:21:28
================================================================================
[2026-04-05T11:22:09.455+0000] {manager.py:878} INFO - 
================================================================================
DAG File Processing Stats

File Path                                    PID    Runtime      # DAGs    # Errors  Last Runtime    Last Run
-------------------------------------------  -----  ---------  --------  ----------  --------------  -------------------
/opt/airflow/dags/dag_pipeline_monitor.py                             1           0  0.42s           2026-04-05T11:22:00
/opt/airflow/dags/dag_dbt_daily_marts.py                              1           0  0.41s           2026-04-05T11:21:59
/opt/airflow/dags/dag_dbt_hourly_staging.py                           1           0  0.41s           2026-04-05T11:22:00
================================================================================
[2026-04-05T11:22:40.243+0000] {manager.py:878} INFO - 
================================================================================
DAG File Processing Stats

File Path                                    PID    Runtime      # DAGs    # Errors  Last Runtime    Last Run
-------------------------------------------  -----  ---------  --------  ----------  --------------  -------------------
/opt/airflow/dags/dag_dbt_daily_marts.py                              1           0  0.71s           2026-04-05T11:22:30
/opt/airflow/dags/dag_dbt_hourly_staging.py                           1           0  0.37s           2026-04-05T11:22:30
/opt/airflow/dags/dag_pipeline_monitor.py                             1           0  0.36s           2026-04-05T11:22:31
================================================================================
[2026-04-05T11:23:10.594+0000] {manager.py:878} INFO - 
================================================================================
DAG File Processing Stats

File Path                                    PID    Runtime      # DAGs    # Errors  Last Runtime    Last Run
-------------------------------------------  -----  ---------  --------  ----------  --------------  -------------------
/opt/airflow/dags/dag_dbt_hourly_staging.py                           1           0  0.91s           2026-04-05T11:23:02
/opt/airflow/dags/dag_pipeline_monitor.py                             1           0  0.90s           2026-04-05T11:23:02
/opt/airflow/dags/dag_dbt_daily_marts.py                              1           0  0.56s           2026-04-05T11:23:01
================================================================================
[2026-04-05T11:23:31.110+0000] {manager.py:737} INFO - Searching for files in /opt/airflow/dags
[2026-04-05T11:23:31.260+0000] {manager.py:740} INFO - There are 3 files in /opt/airflow/dags
[2026-04-05T11:23:40.906+0000] {manager.py:878} INFO - 
================================================================================
DAG File Processing Stats

File Path                                    PID    Runtime      # DAGs    # Errors  Last Runtime    Last Run
-------------------------------------------  -----  ---------  --------  ----------  --------------  -------------------
/opt/airflow/dags/dag_pipeline_monitor.py                             1           0  0.54s           2026-04-05T11:23:33
/opt/airflow/dags/dag_dbt_hourly_staging.py                           1           0  0.38s           2026-04-05T11:23:32
/opt/airflow/dags/dag_dbt_daily_marts.py                              1           0  0.34s           2026-04-05T11:23:32
================================================================================
[2026-04-05T11:24:11.425+0000] {manager.py:878} INFO - 
================================================================================
DAG File Processing Stats

File Path                                    PID    Runtime      # DAGs    # Errors  Last Runtime    Last Run
-------------------------------------------  -----  ---------  --------  ----------  --------------  -------------------
/opt/airflow/dags/dag_pipeline_monitor.py                             1           0  0.72s           2026-04-05T11:24:04
/opt/airflow/dags/dag_dbt_hourly_staging.py                           1           0  0.55s           2026-04-05T11:24:03
/opt/airflow/dags/dag_dbt_daily_marts.py                              1           0  0.55s           2026-04-05T11:24:03
================================================================================
[2026-04-05T11:24:41.574+0000] {manager.py:878} INFO - 
================================================================================
DAG File Processing Stats

File Path                                    PID    Runtime      # DAGs    # Errors  Last Runtime    Last Run
-------------------------------------------  -----  ---------  --------  ----------  --------------  -------------------
/opt/airflow/dags/dag_dbt_hourly_staging.py                           1           0  0.92s           2026-04-05T11:24:35
/opt/airflow/dags/dag_pipeline_monitor.py                             1           0  0.48s           2026-04-05T11:24:35
/opt/airflow/dags/dag_dbt_daily_marts.py                              1           0  0.43s           2026-04-05T11:24:33
================================================================================
[2026-04-05T11:25:11.836+0000] {manager.py:878} INFO - 
================================================================================
DAG File Processing Stats

File Path                                    PID    Runtime      # DAGs    # Errors  Last Runtime    Last Run
-------------------------------------------  -----  ---------  --------  ----------  --------------  -------------------
/opt/airflow/dags/dag_dbt_daily_marts.py                              1           0  0.70s           2026-04-05T11:25:04
/opt/airflow/dags/dag_dbt_hourly_staging.py                           1           0  0.36s           2026-04-05T11:25:05
/opt/airflow/dags/dag_pipeline_monitor.py                             1           0  0.33s           2026-04-05T11:25:06
================================================================================
[2026-04-05T11:25:42.257+0000] {manager.py:878} INFO - 
================================================================================
DAG File Processing Stats

File Path                                    PID    Runtime      # DAGs    # Errors  Last Runtime    Last Run
-------------------------------------------  -----  ---------  --------  ----------  --------------  -------------------
/opt/airflow/dags/dag_dbt_hourly_staging.py                           1           0  0.79s           2026-04-05T11:25:37
/opt/airflow/dags/dag_pipeline_monitor.py                             1           0  0.71s           2026-04-05T11:25:37
/opt/airflow/dags/dag_dbt_daily_marts.py                              1           0  0.40s           2026-04-05T11:25:35
================================================================================
[2026-04-05T11:26:12.968+0000] {manager.py:878} INFO - 
================================================================================
DAG File Processing Stats

File Path                                    PID    Runtime      # DAGs    # Errors  Last Runtime    Last Run
-------------------------------------------  -----  ---------  --------  ----------  --------------  -------------------
/opt/airflow/dags/dag_dbt_daily_marts.py                              1           0  0.52s           2026-04-05T11:26:06
/opt/airflow/dags/dag_pipeline_monitor.py                             1           0  0.40s           2026-04-05T11:26:07
/opt/airflow/dags/dag_dbt_hourly_staging.py                           1           0  0.40s           2026-04-05T11:26:07
================================================================================
[2026-04-05T11:26:43.136+0000] {manager.py:878} INFO - 
================================================================================
DAG File Processing Stats

File Path                                    PID    Runtime      # DAGs    # Errors  Last Runtime    Last Run
-------------------------------------------  -----  ---------  --------  ----------  --------------  -------------------
/opt/airflow/dags/dag_dbt_hourly_staging.py                           1           0  0.51s           2026-04-05T11:26:38
/opt/airflow/dags/dag_pipeline_monitor.py                             1           0  0.46s           2026-04-05T11:26:38
/opt/airflow/dags/dag_dbt_daily_marts.py                              1           0  0.43s           2026-04-05T11:26:36
================================================================================
[2026-04-05T11:26:57.167+0000] {manager.py:452} INFO - Exiting gracefully upon receiving signal 15
[2026-04-05T11:30:09.530+0000] {manager.py:470} INFO - Processing files using up to 2 processes at a time 
[2026-04-05T11:30:09.538+0000] {manager.py:471} INFO - Process each file at most once every 30 seconds
[2026-04-05T11:30:09.541+0000] {manager.py:472} INFO - Checking for new files in /opt/airflow/dags every 300 seconds
[2026-04-05T11:30:09.544+0000] {manager.py:737} INFO - Searching for files in /opt/airflow/dags
[2026-04-05T11:30:09.923+0000] {manager.py:740} INFO - There are 4 files in /opt/airflow/dags
[2026-04-05T11:30:10.421+0000] {manager.py:878} INFO - 
================================================================================
DAG File Processing Stats

File Path                                          PID  Runtime      # DAGs    # Errors  Last Runtime    Last Run
-----------------------------------------------  -----  ---------  --------  ----------  --------------  ----------
/opt/airflow/dags/dag_dbt_daily_marts.py            22  0.23s             0           0
/opt/airflow/dags/dag_dbt_hourly_staging.py                               0           0
/opt/airflow/dags/dag_load_marts_to_postgres.py     21  0.29s             0           0
/opt/airflow/dags/dag_pipeline_monitor.py                                 0           0
================================================================================
[2026-04-05T11:30:40.963+0000] {manager.py:878} INFO - 
================================================================================
DAG File Processing Stats

File Path                                        PID    Runtime      # DAGs    # Errors  Last Runtime    Last Run
-----------------------------------------------  -----  ---------  --------  ----------  --------------  -------------------
/opt/airflow/dags/dag_load_marts_to_postgres.py                           1           0  2.83s           2026-04-05T11:30:12
/opt/airflow/dags/dag_dbt_daily_marts.py                                  1           0  2.41s           2026-04-05T11:30:12
/opt/airflow/dags/dag_dbt_hourly_staging.py                               1           0  1.18s           2026-04-05T11:30:13
/opt/airflow/dags/dag_pipeline_monitor.py                                 1           0  1.00s           2026-04-05T11:30:14
================================================================================
[2026-04-05T11:31:11.253+0000] {manager.py:878} INFO - 
================================================================================
DAG File Processing Stats

File Path                                        PID    Runtime      # DAGs    # Errors  Last Runtime    Last Run
-----------------------------------------------  -----  ---------  --------  ----------  --------------  -------------------
/opt/airflow/dags/dag_dbt_daily_marts.py                                  1           0  1.78s           2026-04-05T11:30:44
/opt/airflow/dags/dag_load_marts_to_postgres.py                           1           0  1.40s           2026-04-05T11:30:44
/opt/airflow/dags/dag_dbt_hourly_staging.py                               1           0  0.83s           2026-04-05T11:30:45
/opt/airflow/dags/dag_pipeline_monitor.py                                 1           0  0.62s           2026-04-05T11:30:45
================================================================================
[2026-04-05T11:31:41.302+0000] {manager.py:878} INFO - 
================================================================================
DAG File Processing Stats

File Path                                        PID    Runtime      # DAGs    # Errors  Last Runtime    Last Run
-----------------------------------------------  -----  ---------  --------  ----------  --------------  -------------------
/opt/airflow/dags/dag_dbt_daily_marts.py                                  1           0  2.25s           2026-04-05T11:31:17
/opt/airflow/dags/dag_dbt_hourly_staging.py                               1           0  2.04s           2026-04-05T11:31:18
/opt/airflow/dags/dag_load_marts_to_postgres.py                           1           0  1.97s           2026-04-05T11:31:16
/opt/airflow/dags/dag_pipeline_monitor.py                                 1           0  1.77s           2026-04-05T11:31:19
================================================================================
[2026-04-05T11:32:11.581+0000] {manager.py:878} INFO - 
================================================================================
DAG File Processing Stats

File Path                                        PID    Runtime      # DAGs    # Errors  Last Runtime    Last Run
-----------------------------------------------  -----  ---------  --------  ----------  --------------  -------------------
/opt/airflow/dags/dag_dbt_hourly_staging.py                               1           0  2.49s           2026-04-05T11:31:52
/opt/airflow/dags/dag_load_marts_to_postgres.py                           1           0  2.14s           2026-04-05T11:31:49
/opt/airflow/dags/dag_pipeline_monitor.py                                 1           0  1.86s           2026-04-05T11:31:53
/opt/airflow/dags/dag_dbt_daily_marts.py                                  1           0  1.56s           2026-04-05T11:31:50
================================================================================
[2026-04-05T11:32:42.408+0000] {manager.py:878} INFO - 
================================================================================
DAG File Processing Stats

File Path                                        PID    Runtime      # DAGs    # Errors  Last Runtime    Last Run
-----------------------------------------------  -----  ---------  --------  ----------  --------------  -------------------
/opt/airflow/dags/dag_pipeline_monitor.py                                 1           0  0.98s           2026-04-05T11:32:24
/opt/airflow/dags/dag_dbt_hourly_staging.py                               1           0  0.85s           2026-04-05T11:32:24
/opt/airflow/dags/dag_load_marts_to_postgres.py                           1           0  0.58s           2026-04-05T11:32:20
/opt/airflow/dags/dag_dbt_daily_marts.py                                  1           0  0.56s           2026-04-05T11:32:21
================================================================================
[2026-04-05T11:33:12.690+0000] {manager.py:878} INFO - 
================================================================================
DAG File Processing Stats

File Path                                        PID    Runtime      # DAGs    # Errors  Last Runtime    Last Run
-----------------------------------------------  -----  ---------  --------  ----------  --------------  -------------------
/opt/airflow/dags/dag_load_marts_to_postgres.py                           1           0  1.56s           2026-04-05T11:32:52
/opt/airflow/dags/dag_dbt_daily_marts.py                                  1           0  1.31s           2026-04-05T11:32:53
/opt/airflow/dags/dag_dbt_hourly_staging.py                               1           0  1.30s           2026-04-05T11:32:55
/opt/airflow/dags/dag_pipeline_monitor.py                                 1           0  0.84s           2026-04-05T11:32:56
================================================================================
[2026-04-05T11:33:43.188+0000] {manager.py:878} INFO - 
================================================================================
DAG File Processing Stats

File Path                                        PID    Runtime      # DAGs    # Errors  Last Runtime    Last Run
-----------------------------------------------  -----  ---------  --------  ----------  --------------  -------------------
/opt/airflow/dags/dag_load_marts_to_postgres.py                           1           0  1.08s           2026-04-05T11:33:24
/opt/airflow/dags/dag_pipeline_monitor.py                                 1           0  1.00s           2026-04-05T11:33:27
/opt/airflow/dags/dag_dbt_daily_marts.py                                  1           0  0.65s           2026-04-05T11:33:24
/opt/airflow/dags/dag_dbt_hourly_staging.py                               1           0  0.58s           2026-04-05T11:33:26
================================================================================
[2026-04-05T11:34:13.698+0000] {manager.py:878} INFO - 
================================================================================
DAG File Processing Stats

File Path                                        PID    Runtime      # DAGs    # Errors  Last Runtime    Last Run
-----------------------------------------------  -----  ---------  --------  ----------  --------------  -------------------
/opt/airflow/dags/dag_dbt_hourly_staging.py                               1           0  0.45s           2026-04-05T11:33:56
/opt/airflow/dags/dag_load_marts_to_postgres.py                           1           0  0.44s           2026-04-05T11:33:54
/opt/airflow/dags/dag_pipeline_monitor.py                                 1           0  0.39s           2026-04-05T11:33:57
/opt/airflow/dags/dag_dbt_daily_marts.py                                  1           0  0.39s           2026-04-05T11:33:55
================================================================================
[2026-04-05T11:34:43.970+0000] {manager.py:878} INFO - 
================================================================================
DAG File Processing Stats

File Path                                        PID    Runtime      # DAGs    # Errors  Last Runtime    Last Run
-----------------------------------------------  -----  ---------  --------  ----------  --------------  -------------------
/opt/airflow/dags/dag_pipeline_monitor.py                                 1           0  0.68s           2026-04-05T11:34:29
/opt/airflow/dags/dag_dbt_daily_marts.py                                  1           0  0.45s           2026-04-05T11:34:26
/opt/airflow/dags/dag_load_marts_to_postgres.py                           1           0  0.35s           2026-04-05T11:34:25
/opt/airflow/dags/dag_dbt_hourly_staging.py                               1           0  0.34s           2026-04-05T11:34:27
================================================================================
[2026-04-05T11:35:09.720+0000] {manager.py:737} INFO - Searching for files in /opt/airflow/dags
[2026-04-05T11:35:09.825+0000] {manager.py:740} INFO - There are 4 files in /opt/airflow/dags
[2026-04-05T11:35:14.485+0000] {manager.py:878} INFO - 
================================================================================
DAG File Processing Stats

File Path                                        PID    Runtime      # DAGs    # Errors  Last Runtime    Last Run
-----------------------------------------------  -----  ---------  --------  ----------  --------------  -------------------
/opt/airflow/dags/dag_dbt_hourly_staging.py                               1           0  0.48s           2026-04-05T11:34:58
/opt/airflow/dags/dag_dbt_daily_marts.py                                  1           0  0.37s           2026-04-05T11:34:57
/opt/airflow/dags/dag_pipeline_monitor.py                                 1           0  0.35s           2026-04-05T11:34:59
/opt/airflow/dags/dag_load_marts_to_postgres.py                           1           0  0.33s           2026-04-05T11:34:55
================================================================================
[2026-04-05T11:35:44.706+0000] {manager.py:878} INFO - 
================================================================================
DAG File Processing Stats

File Path                                        PID    Runtime      # DAGs    # Errors  Last Runtime    Last Run
-----------------------------------------------  -----  ---------  --------  ----------  --------------  -------------------
/opt/airflow/dags/dag_dbt_hourly_staging.py                               1           0  0.70s           2026-04-05T11:35:29
/opt/airflow/dags/dag_pipeline_monitor.py                                 1           0  0.69s           2026-04-05T11:35:30
/opt/airflow/dags/dag_load_marts_to_postgres.py                           1           0  0.54s           2026-04-05T11:35:26
/opt/airflow/dags/dag_dbt_daily_marts.py                                  1           0  0.50s           2026-04-05T11:35:28
================================================================================
[2026-04-05T11:36:15.708+0000] {manager.py:878} INFO - 
================================================================================
DAG File Processing Stats

File Path                                        PID    Runtime      # DAGs    # Errors  Last Runtime    Last Run
-----------------------------------------------  -----  ---------  --------  ----------  --------------  -------------------
/opt/airflow/dags/dag_dbt_hourly_staging.py                               1           0  1.43s           2026-04-05T11:36:01
/opt/airflow/dags/dag_load_marts_to_postgres.py                           1           0  0.99s           2026-04-05T11:35:58
/opt/airflow/dags/dag_dbt_daily_marts.py                                  1           0  0.98s           2026-04-05T11:35:59
/opt/airflow/dags/dag_pipeline_monitor.py                                 1           0  0.94s           2026-04-05T11:36:02
================================================================================
[2026-04-05T11:36:45.767+0000] {manager.py:878} INFO - 
================================================================================
DAG File Processing Stats

File Path                                        PID    Runtime      # DAGs    # Errors  Last Runtime    Last Run
-----------------------------------------------  -----  ---------  --------  ----------  --------------  -------------------
/opt/airflow/dags/dag_dbt_daily_marts.py                                  1           0  1.66s           2026-04-05T11:36:31
/opt/airflow/dags/dag_load_marts_to_postgres.py                           1           0  1.60s           2026-04-05T11:36:31
/opt/airflow/dags/dag_dbt_hourly_staging.py                               1           0  1.19s           2026-04-05T11:36:32
/opt/airflow/dags/dag_pipeline_monitor.py                                 1           0  0.79s           2026-04-05T11:36:33
================================================================================
[2026-04-05T11:37:16.154+0000] {manager.py:878} INFO - 
================================================================================
DAG File Processing Stats

File Path                                        PID    Runtime      # DAGs    # Errors  Last Runtime    Last Run
-----------------------------------------------  -----  ---------  --------  ----------  --------------  -------------------
/opt/airflow/dags/dag_dbt_daily_marts.py                                  1           0  1.08s           2026-04-05T11:37:02
/opt/airflow/dags/dag_load_marts_to_postgres.py                           1           0  1.02s           2026-04-05T11:37:02
/opt/airflow/dags/dag_pipeline_monitor.py                                 1           0  0.80s           2026-04-05T11:37:04
/opt/airflow/dags/dag_dbt_hourly_staging.py                               1           0  0.78s           2026-04-05T11:37:04
================================================================================
[2026-04-05T11:37:46.880+0000] {manager.py:878} INFO - 
================================================================================
DAG File Processing Stats

File Path                                        PID    Runtime      # DAGs    # Errors  Last Runtime    Last Run
-----------------------------------------------  -----  ---------  --------  ----------  --------------  -------------------
/opt/airflow/dags/dag_dbt_daily_marts.py                                  1           0  0.75s           2026-04-05T11:37:33
/opt/airflow/dags/dag_load_marts_to_postgres.py                           1           0  0.42s           2026-04-05T11:37:32
/opt/airflow/dags/dag_pipeline_monitor.py                                 1           0  0.36s           2026-04-05T11:37:34
/opt/airflow/dags/dag_dbt_hourly_staging.py                               1           0  0.34s           2026-04-05T11:37:34
================================================================================
[2026-04-05T11:38:17.239+0000] {manager.py:878} INFO - 
================================================================================
DAG File Processing Stats

File Path                                        PID    Runtime      # DAGs    # Errors  Last Runtime    Last Run
-----------------------------------------------  -----  ---------  --------  ----------  --------------  -------------------
/opt/airflow/dags/dag_dbt_daily_marts.py                                  1           0  0.47s           2026-04-05T11:38:04
/opt/airflow/dags/dag_load_marts_to_postgres.py                           1           0  0.43s           2026-04-05T11:38:03
/opt/airflow/dags/dag_dbt_hourly_staging.py                               1           0  0.28s           2026-04-05T11:38:05
/opt/airflow/dags/dag_pipeline_monitor.py                                 1           0  0.28s           2026-04-05T11:38:06
================================================================================
[2026-04-05T11:38:45.225+0000] {manager.py:452} INFO - Exiting gracefully upon receiving signal 15
